{"/home/alex/code/AMod3-Node/AMod3-ProyectoFinal/src/index.js": {"path":"/home/alex/code/AMod3-Node/AMod3-ProyectoFinal/src/index.js","statementMap":{"0":{"start":{"line":17,"column":12},"end":{"line":17,"column":21}},"1":{"start":{"line":21,"column":0},"end":{"line":21,"column":18}},"2":{"start":{"line":22,"column":0},"end":{"line":22,"column":23}},"3":{"start":{"line":23,"column":0},"end":{"line":23,"column":16}},"4":{"start":{"line":24,"column":0},"end":{"line":24,"column":24}},"5":{"start":{"line":25,"column":0},"end":{"line":25,"column":72}},"6":{"start":{"line":29,"column":0},"end":{"line":29,"column":33}},"7":{"start":{"line":30,"column":0},"end":{"line":30,"column":36}},"8":{"start":{"line":31,"column":0},"end":{"line":31,"column":33}},"9":{"start":{"line":32,"column":0},"end":{"line":32,"column":31}},"10":{"start":{"line":33,"column":0},"end":{"line":33,"column":35}},"11":{"start":{"line":34,"column":0},"end":{"line":34,"column":32}},"12":{"start":{"line":35,"column":0},"end":{"line":35,"column":32}},"13":{"start":{"line":38,"column":0},"end":{"line":44,"column":3}},"14":{"start":{"line":39,"column":3},"end":{"line":43,"column":4}},"15":{"start":{"line":40,"column":6},"end":{"line":40,"column":68}},"16":{"start":{"line":42,"column":6},"end":{"line":42,"column":25}}},"fnMap":{"0":{"name":"(anonymous_0)","decl":{"start":{"line":38,"column":13},"end":{"line":38,"column":14}},"loc":{"start":{"line":38,"column":27},"end":{"line":44,"column":1}},"line":38}},"branchMap":{},"s":{"0":2,"1":2,"2":2,"3":2,"4":2,"5":2,"6":2,"7":2,"8":2,"9":2,"10":2,"11":2,"12":2,"13":2,"14":0,"15":0,"16":0},"f":{"0":0},"b":{},"_coverageSchema":"1a1c01bbd47fc00a2c39e90264f33305004495a9","hash":"38c620205eba3882b2fd451c4aae1912c7709581"}
,"/home/alex/code/AMod3-Node/AMod3-ProyectoFinal/src/config/config.js": {"path":"/home/alex/code/AMod3-Node/AMod3-ProyectoFinal/src/config/config.js","statementMap":{"0":{"start":{"line":1,"column":0},"end":{"line":1,"column":26}},"1":{"start":{"line":3,"column":0},"end":{"line":25,"column":1}}},"fnMap":{},"branchMap":{},"s":{"0":2,"1":2},"f":{},"b":{},"_coverageSchema":"1a1c01bbd47fc00a2c39e90264f33305004495a9","hash":"60e675ba4123bdab33b0ab63a89a041b951f8959"}
,"/home/alex/code/AMod3-Node/AMod3-ProyectoFinal/src/controllers/actors.js": {"path":"/home/alex/code/AMod3-Node/AMod3-ProyectoFinal/src/controllers/actors.js","statementMap":{"0":{"start":{"line":6,"column":27},"end":{"line":20,"column":1}},"1":{"start":{"line":7,"column":20},"end":{"line":7,"column":28}},"2":{"start":{"line":8,"column":3},"end":{"line":19,"column":4}},"3":{"start":{"line":9,"column":21},"end":{"line":9,"column":50}},"4":{"start":{"line":10,"column":6},"end":{"line":13,"column":9}},"5":{"start":{"line":15,"column":6},"end":{"line":15,"column":25}},"6":{"start":{"line":16,"column":6},"end":{"line":18,"column":9}},"7":{"start":{"line":25,"column":25},"end":{"line":35,"column":1}},"8":{"start":{"line":26,"column":3},"end":{"line":34,"column":4}},"9":{"start":{"line":27,"column":22},"end":{"line":27,"column":74}},"10":{"start":{"line":28,"column":6},"end":{"line":28,"column":43}},"11":{"start":{"line":30,"column":6},"end":{"line":30,"column":25}},"12":{"start":{"line":31,"column":6},"end":{"line":33,"column":9}},"13":{"start":{"line":40,"column":28},"end":{"line":51,"column":1}},"14":{"start":{"line":41,"column":3},"end":{"line":50,"column":4}},"15":{"start":{"line":42,"column":20},"end":{"line":42,"column":33}},"16":{"start":{"line":43,"column":25},"end":{"line":43,"column":92}},"17":{"start":{"line":44,"column":9},"end":{"line":44,"column":46}},"18":{"start":{"line":46,"column":6},"end":{"line":46,"column":25}},"19":{"start":{"line":47,"column":6},"end":{"line":49,"column":9}},"20":{"start":{"line":56,"column":29},"end":{"line":72,"column":1}},"21":{"start":{"line":57,"column":3},"end":{"line":71,"column":4}},"22":{"start":{"line":58,"column":20},"end":{"line":58,"column":33}},"23":{"start":{"line":59,"column":26},"end":{"line":59,"column":34}},"24":{"start":{"line":60,"column":9},"end":{"line":60,"column":57}},"25":{"start":{"line":61,"column":25},"end":{"line":61,"column":92}},"26":{"start":{"line":62,"column":9},"end":{"line":65,"column":12}},"27":{"start":{"line":67,"column":6},"end":{"line":67,"column":25}},"28":{"start":{"line":68,"column":6},"end":{"line":70,"column":9}},"29":{"start":{"line":77,"column":31},"end":{"line":99,"column":1}},"30":{"start":{"line":78,"column":3},"end":{"line":98,"column":4}},"31":{"start":{"line":79,"column":17},"end":{"line":79,"column":30}},"32":{"start":{"line":80,"column":6},"end":{"line":80,"column":21}},"33":{"start":{"line":81,"column":6},"end":{"line":92,"column":9}},"34":{"start":{"line":84,"column":9},"end":{"line":86,"column":12}},"35":{"start":{"line":88,"column":9},"end":{"line":88,"column":27}},"36":{"start":{"line":89,"column":9},"end":{"line":91,"column":11}},"37":{"start":{"line":94,"column":6},"end":{"line":94,"column":25}},"38":{"start":{"line":95,"column":6},"end":{"line":97,"column":9}},"39":{"start":{"line":104,"column":37},"end":{"line":123,"column":1}},"40":{"start":{"line":105,"column":3},"end":{"line":122,"column":4}},"41":{"start":{"line":106,"column":17},"end":{"line":106,"column":30}},"42":{"start":{"line":107,"column":22},"end":{"line":115,"column":8}},"43":{"start":{"line":116,"column":6},"end":{"line":116,"column":43}},"44":{"start":{"line":118,"column":6},"end":{"line":118,"column":25}},"45":{"start":{"line":119,"column":6},"end":{"line":121,"column":9}}},"fnMap":{"0":{"name":"(anonymous_0)","decl":{"start":{"line":6,"column":27},"end":{"line":6,"column":28}},"loc":{"start":{"line":6,"column":47},"end":{"line":20,"column":1}},"line":6},"1":{"name":"(anonymous_1)","decl":{"start":{"line":25,"column":25},"end":{"line":25,"column":26}},"loc":{"start":{"line":25,"column":44},"end":{"line":35,"column":1}},"line":25},"2":{"name":"(anonymous_2)","decl":{"start":{"line":40,"column":28},"end":{"line":40,"column":29}},"loc":{"start":{"line":40,"column":47},"end":{"line":51,"column":1}},"line":40},"3":{"name":"(anonymous_3)","decl":{"start":{"line":56,"column":29},"end":{"line":56,"column":30}},"loc":{"start":{"line":56,"column":48},"end":{"line":72,"column":1}},"line":56},"4":{"name":"(anonymous_4)","decl":{"start":{"line":77,"column":31},"end":{"line":77,"column":32}},"loc":{"start":{"line":77,"column":50},"end":{"line":99,"column":1}},"line":77},"5":{"name":"(anonymous_5)","decl":{"start":{"line":83,"column":14},"end":{"line":83,"column":15}},"loc":{"start":{"line":83,"column":24},"end":{"line":87,"column":7}},"line":83},"6":{"name":"(anonymous_6)","decl":{"start":{"line":87,"column":15},"end":{"line":87,"column":16}},"loc":{"start":{"line":87,"column":24},"end":{"line":92,"column":7}},"line":87},"7":{"name":"(anonymous_7)","decl":{"start":{"line":104,"column":37},"end":{"line":104,"column":38}},"loc":{"start":{"line":104,"column":56},"end":{"line":123,"column":1}},"line":104}},"branchMap":{},"s":{"0":2,"1":1,"2":1,"3":1,"4":1,"5":0,"6":0,"7":2,"8":1,"9":1,"10":1,"11":0,"12":0,"13":2,"14":1,"15":1,"16":1,"17":1,"18":0,"19":0,"20":2,"21":1,"22":1,"23":1,"24":1,"25":1,"26":1,"27":0,"28":0,"29":2,"30":1,"31":1,"32":1,"33":1,"34":1,"35":0,"36":0,"37":0,"38":0,"39":2,"40":1,"41":1,"42":1,"43":1,"44":0,"45":0},"f":{"0":1,"1":1,"2":1,"3":1,"4":1,"5":1,"6":0,"7":1},"b":{},"_coverageSchema":"1a1c01bbd47fc00a2c39e90264f33305004495a9","hash":"3c820a23d34c99f8fd964f142499c2e198d8f3da"}
,"/home/alex/code/AMod3-Node/AMod3-ProyectoFinal/src/controllers/auth.js": {"path":"/home/alex/code/AMod3-Node/AMod3-ProyectoFinal/src/controllers/auth.js","statementMap":{"0":{"start":{"line":12,"column":22},"end":{"line":34,"column":1}},"1":{"start":{"line":13,"column":53},"end":{"line":13,"column":61}},"2":{"start":{"line":14,"column":4},"end":{"line":33,"column":5}},"3":{"start":{"line":15,"column":27},"end":{"line":15,"column":68}},"4":{"start":{"line":16,"column":8},"end":{"line":16,"column":32}},"5":{"start":{"line":17,"column":8},"end":{"line":28,"column":9}},"6":{"start":{"line":18,"column":31},"end":{"line":18,"column":62}},"7":{"start":{"line":19,"column":26},"end":{"line":19,"column":99}},"8":{"start":{"line":20,"column":12},"end":{"line":23,"column":15}},"9":{"start":{"line":25,"column":12},"end":{"line":27,"column":15}},"10":{"start":{"line":30,"column":8},"end":{"line":32,"column":11}},"11":{"start":{"line":39,"column":21},"end":{"line":62,"column":1}},"12":{"start":{"line":40,"column":32},"end":{"line":40,"column":40}},"13":{"start":{"line":41,"column":4},"end":{"line":61,"column":5}},"14":{"start":{"line":42,"column":24},"end":{"line":42,"column":68}},"15":{"start":{"line":43,"column":22},"end":{"line":43,"column":70}},"16":{"start":{"line":45,"column":8},"end":{"line":56,"column":9}},"17":{"start":{"line":46,"column":26},"end":{"line":46,"column":46}},"18":{"start":{"line":47,"column":12},"end":{"line":51,"column":15}},"19":{"start":{"line":53,"column":12},"end":{"line":55,"column":15}},"20":{"start":{"line":58,"column":8},"end":{"line":60,"column":11}},"21":{"start":{"line":67,"column":21},"end":{"line":106,"column":1}},"22":{"start":{"line":68,"column":32},"end":{"line":68,"column":40}},"23":{"start":{"line":69,"column":4},"end":{"line":105,"column":5}},"24":{"start":{"line":71,"column":21},"end":{"line":71,"column":62}},"25":{"start":{"line":72,"column":8},"end":{"line":100,"column":9}},"26":{"start":{"line":74,"column":34},"end":{"line":74,"column":79}},"27":{"start":{"line":76,"column":12},"end":{"line":95,"column":13}},"28":{"start":{"line":78,"column":30},"end":{"line":78,"column":38}},"29":{"start":{"line":80,"column":35},"end":{"line":84,"column":17}},"30":{"start":{"line":85,"column":16},"end":{"line":85,"column":53}},"31":{"start":{"line":87,"column":16},"end":{"line":87,"column":68}},"32":{"start":{"line":88,"column":16},"end":{"line":90,"column":18}},"33":{"start":{"line":92,"column":16},"end":{"line":94,"column":18}},"34":{"start":{"line":97,"column":12},"end":{"line":99,"column":15}},"35":{"start":{"line":102,"column":8},"end":{"line":104,"column":11}},"36":{"start":{"line":111,"column":22},"end":{"line":149,"column":1}},"37":{"start":{"line":112,"column":31},"end":{"line":112,"column":39}},"38":{"start":{"line":113,"column":19},"end":{"line":113,"column":36}},"39":{"start":{"line":114,"column":4},"end":{"line":114,"column":41}},"40":{"start":{"line":115,"column":4},"end":{"line":148,"column":5}},"41":{"start":{"line":117,"column":25},"end":{"line":119,"column":12}},"42":{"start":{"line":120,"column":8},"end":{"line":143,"column":9}},"43":{"start":{"line":123,"column":29},"end":{"line":123,"column":71}},"44":{"start":{"line":125,"column":12},"end":{"line":135,"column":13}},"45":{"start":{"line":127,"column":35},"end":{"line":127,"column":66}},"46":{"start":{"line":129,"column":16},"end":{"line":129,"column":93}},"47":{"start":{"line":131,"column":16},"end":{"line":131,"column":86}},"48":{"start":{"line":132,"column":16},"end":{"line":134,"column":19}},"49":{"start":{"line":136,"column":12},"end":{"line":138,"column":15}},"50":{"start":{"line":140,"column":12},"end":{"line":142,"column":15}},"51":{"start":{"line":145,"column":8},"end":{"line":147,"column":11}}},"fnMap":{"0":{"name":"(anonymous_0)","decl":{"start":{"line":12,"column":22},"end":{"line":12,"column":23}},"loc":{"start":{"line":12,"column":42},"end":{"line":34,"column":1}},"line":12},"1":{"name":"(anonymous_1)","decl":{"start":{"line":39,"column":21},"end":{"line":39,"column":22}},"loc":{"start":{"line":39,"column":41},"end":{"line":62,"column":1}},"line":39},"2":{"name":"(anonymous_2)","decl":{"start":{"line":67,"column":21},"end":{"line":67,"column":22}},"loc":{"start":{"line":67,"column":41},"end":{"line":106,"column":1}},"line":67},"3":{"name":"(anonymous_3)","decl":{"start":{"line":111,"column":22},"end":{"line":111,"column":23}},"loc":{"start":{"line":111,"column":42},"end":{"line":149,"column":1}},"line":111}},"branchMap":{"0":{"loc":{"start":{"line":17,"column":8},"end":{"line":28,"column":9}},"type":"if","locations":[{"start":{"line":17,"column":8},"end":{"line":28,"column":9}},{"start":{"line":17,"column":8},"end":{"line":28,"column":9}}],"line":17},"1":{"loc":{"start":{"line":45,"column":8},"end":{"line":56,"column":9}},"type":"if","locations":[{"start":{"line":45,"column":8},"end":{"line":56,"column":9}},{"start":{"line":45,"column":8},"end":{"line":56,"column":9}}],"line":45},"2":{"loc":{"start":{"line":72,"column":8},"end":{"line":100,"column":9}},"type":"if","locations":[{"start":{"line":72,"column":8},"end":{"line":100,"column":9}},{"start":{"line":72,"column":8},"end":{"line":100,"column":9}}],"line":72},"3":{"loc":{"start":{"line":76,"column":12},"end":{"line":95,"column":13}},"type":"if","locations":[{"start":{"line":76,"column":12},"end":{"line":95,"column":13}},{"start":{"line":76,"column":12},"end":{"line":95,"column":13}}],"line":76},"4":{"loc":{"start":{"line":120,"column":8},"end":{"line":143,"column":9}},"type":"if","locations":[{"start":{"line":120,"column":8},"end":{"line":143,"column":9}},{"start":{"line":120,"column":8},"end":{"line":143,"column":9}}],"line":120},"5":{"loc":{"start":{"line":125,"column":12},"end":{"line":135,"column":13}},"type":"if","locations":[{"start":{"line":125,"column":12},"end":{"line":135,"column":13}},{"start":{"line":125,"column":12},"end":{"line":135,"column":13}}],"line":125},"6":{"loc":{"start":{"line":125,"column":15},"end":{"line":125,"column":44}},"type":"binary-expr","locations":[{"start":{"line":125,"column":15},"end":{"line":125,"column":30}},{"start":{"line":125,"column":34},"end":{"line":125,"column":44}}],"line":125}},"s":{"0":2,"1":2,"2":2,"3":2,"4":2,"5":2,"6":1,"7":1,"8":1,"9":1,"10":0,"11":2,"12":1,"13":1,"14":1,"15":1,"16":1,"17":1,"18":1,"19":0,"20":0,"21":2,"22":0,"23":0,"24":0,"25":0,"26":0,"27":0,"28":0,"29":0,"30":0,"31":0,"32":0,"33":0,"34":0,"35":0,"36":2,"37":0,"38":0,"39":0,"40":0,"41":0,"42":0,"43":0,"44":0,"45":0,"46":0,"47":0,"48":0,"49":0,"50":0,"51":0},"f":{"0":2,"1":1,"2":0,"3":0},"b":{"0":[1,1],"1":[1,0],"2":[0,0],"3":[0,0],"4":[0,0],"5":[0,0],"6":[0,0]},"_coverageSchema":"1a1c01bbd47fc00a2c39e90264f33305004495a9","hash":"a13ae6c489f075699d4726220421f67f3cd51cd3"}
,"/home/alex/code/AMod3-Node/AMod3-ProyectoFinal/src/controllers/contents.js": {"path":"/home/alex/code/AMod3-Node/AMod3-ProyectoFinal/src/controllers/contents.js","statementMap":{"0":{"start":{"line":6,"column":29},"end":{"line":19,"column":1}},"1":{"start":{"line":7,"column":3},"end":{"line":18,"column":4}},"2":{"start":{"line":8,"column":23},"end":{"line":8,"column":54}},"3":{"start":{"line":9,"column":6},"end":{"line":12,"column":9}},"4":{"start":{"line":14,"column":6},"end":{"line":14,"column":25}},"5":{"start":{"line":15,"column":6},"end":{"line":17,"column":9}},"6":{"start":{"line":24,"column":27},"end":{"line":34,"column":1}},"7":{"start":{"line":25,"column":3},"end":{"line":33,"column":4}},"8":{"start":{"line":26,"column":22},"end":{"line":26,"column":109}},"9":{"start":{"line":27,"column":6},"end":{"line":27,"column":43}},"10":{"start":{"line":29,"column":6},"end":{"line":29,"column":25}},"11":{"start":{"line":30,"column":6},"end":{"line":32,"column":9}},"12":{"start":{"line":39,"column":30},"end":{"line":50,"column":1}},"13":{"start":{"line":40,"column":3},"end":{"line":49,"column":4}},"14":{"start":{"line":41,"column":20},"end":{"line":41,"column":33}},"15":{"start":{"line":42,"column":25},"end":{"line":42,"column":127}},"16":{"start":{"line":43,"column":9},"end":{"line":43,"column":46}},"17":{"start":{"line":45,"column":6},"end":{"line":45,"column":25}},"18":{"start":{"line":46,"column":6},"end":{"line":48,"column":9}},"19":{"start":{"line":55,"column":31},"end":{"line":70,"column":1}},"20":{"start":{"line":56,"column":3},"end":{"line":69,"column":4}},"21":{"start":{"line":57,"column":20},"end":{"line":57,"column":33}},"22":{"start":{"line":58,"column":9},"end":{"line":58,"column":59}},"23":{"start":{"line":59,"column":25},"end":{"line":59,"column":66}},"24":{"start":{"line":60,"column":9},"end":{"line":63,"column":12}},"25":{"start":{"line":65,"column":6},"end":{"line":65,"column":25}},"26":{"start":{"line":66,"column":6},"end":{"line":68,"column":9}},"27":{"start":{"line":75,"column":33},"end":{"line":97,"column":1}},"28":{"start":{"line":76,"column":3},"end":{"line":96,"column":4}},"29":{"start":{"line":77,"column":17},"end":{"line":77,"column":30}},"30":{"start":{"line":78,"column":6},"end":{"line":78,"column":21}},"31":{"start":{"line":79,"column":6},"end":{"line":90,"column":9}},"32":{"start":{"line":82,"column":9},"end":{"line":84,"column":12}},"33":{"start":{"line":86,"column":9},"end":{"line":86,"column":27}},"34":{"start":{"line":87,"column":9},"end":{"line":89,"column":11}},"35":{"start":{"line":92,"column":6},"end":{"line":92,"column":25}},"36":{"start":{"line":93,"column":6},"end":{"line":95,"column":9}},"37":{"start":{"line":102,"column":38},"end":{"line":121,"column":1}},"38":{"start":{"line":103,"column":3},"end":{"line":120,"column":4}},"39":{"start":{"line":104,"column":17},"end":{"line":104,"column":30}},"40":{"start":{"line":105,"column":22},"end":{"line":113,"column":8}},"41":{"start":{"line":114,"column":6},"end":{"line":114,"column":43}},"42":{"start":{"line":116,"column":6},"end":{"line":116,"column":25}},"43":{"start":{"line":117,"column":6},"end":{"line":119,"column":9}},"44":{"start":{"line":126,"column":41},"end":{"line":145,"column":1}},"45":{"start":{"line":127,"column":3},"end":{"line":144,"column":4}},"46":{"start":{"line":128,"column":17},"end":{"line":128,"column":30}},"47":{"start":{"line":129,"column":22},"end":{"line":137,"column":8}},"48":{"start":{"line":138,"column":6},"end":{"line":138,"column":43}},"49":{"start":{"line":140,"column":6},"end":{"line":140,"column":25}},"50":{"start":{"line":141,"column":6},"end":{"line":143,"column":9}},"51":{"start":{"line":150,"column":38},"end":{"line":169,"column":1}},"52":{"start":{"line":151,"column":3},"end":{"line":168,"column":4}},"53":{"start":{"line":152,"column":17},"end":{"line":152,"column":30}},"54":{"start":{"line":153,"column":22},"end":{"line":161,"column":8}},"55":{"start":{"line":162,"column":6},"end":{"line":162,"column":43}},"56":{"start":{"line":164,"column":6},"end":{"line":164,"column":25}},"57":{"start":{"line":165,"column":6},"end":{"line":167,"column":9}}},"fnMap":{"0":{"name":"(anonymous_0)","decl":{"start":{"line":6,"column":29},"end":{"line":6,"column":30}},"loc":{"start":{"line":6,"column":49},"end":{"line":19,"column":1}},"line":6},"1":{"name":"(anonymous_1)","decl":{"start":{"line":24,"column":27},"end":{"line":24,"column":28}},"loc":{"start":{"line":24,"column":46},"end":{"line":34,"column":1}},"line":24},"2":{"name":"(anonymous_2)","decl":{"start":{"line":39,"column":30},"end":{"line":39,"column":31}},"loc":{"start":{"line":39,"column":49},"end":{"line":50,"column":1}},"line":39},"3":{"name":"(anonymous_3)","decl":{"start":{"line":55,"column":31},"end":{"line":55,"column":32}},"loc":{"start":{"line":55,"column":50},"end":{"line":70,"column":1}},"line":55},"4":{"name":"(anonymous_4)","decl":{"start":{"line":75,"column":33},"end":{"line":75,"column":34}},"loc":{"start":{"line":75,"column":52},"end":{"line":97,"column":1}},"line":75},"5":{"name":"(anonymous_5)","decl":{"start":{"line":81,"column":14},"end":{"line":81,"column":15}},"loc":{"start":{"line":81,"column":24},"end":{"line":85,"column":7}},"line":81},"6":{"name":"(anonymous_6)","decl":{"start":{"line":85,"column":15},"end":{"line":85,"column":16}},"loc":{"start":{"line":85,"column":24},"end":{"line":90,"column":7}},"line":85},"7":{"name":"(anonymous_7)","decl":{"start":{"line":102,"column":38},"end":{"line":102,"column":39}},"loc":{"start":{"line":102,"column":57},"end":{"line":121,"column":1}},"line":102},"8":{"name":"(anonymous_8)","decl":{"start":{"line":126,"column":41},"end":{"line":126,"column":42}},"loc":{"start":{"line":126,"column":60},"end":{"line":145,"column":1}},"line":126},"9":{"name":"(anonymous_9)","decl":{"start":{"line":150,"column":38},"end":{"line":150,"column":39}},"loc":{"start":{"line":150,"column":57},"end":{"line":169,"column":1}},"line":150}},"branchMap":{},"s":{"0":2,"1":0,"2":0,"3":0,"4":0,"5":0,"6":2,"7":0,"8":0,"9":0,"10":0,"11":0,"12":2,"13":0,"14":0,"15":0,"16":0,"17":0,"18":0,"19":2,"20":0,"21":0,"22":0,"23":0,"24":0,"25":0,"26":0,"27":2,"28":0,"29":0,"30":0,"31":0,"32":0,"33":0,"34":0,"35":0,"36":0,"37":2,"38":0,"39":0,"40":0,"41":0,"42":0,"43":0,"44":2,"45":0,"46":0,"47":0,"48":0,"49":0,"50":0,"51":2,"52":0,"53":0,"54":0,"55":0,"56":0,"57":0},"f":{"0":0,"1":0,"2":0,"3":0,"4":0,"5":0,"6":0,"7":0,"8":0,"9":0},"b":{},"_coverageSchema":"1a1c01bbd47fc00a2c39e90264f33305004495a9","hash":"703938b6f621af77d98b117ed51f03e740eab8f8"}
,"/home/alex/code/AMod3-Node/AMod3-ProyectoFinal/src/controllers/directors.js": {"path":"/home/alex/code/AMod3-Node/AMod3-ProyectoFinal/src/controllers/directors.js","statementMap":{"0":{"start":{"line":4,"column":30},"end":{"line":18,"column":1}},"1":{"start":{"line":5,"column":20},"end":{"line":5,"column":28}},"2":{"start":{"line":6,"column":3},"end":{"line":17,"column":4}},"3":{"start":{"line":7,"column":24},"end":{"line":7,"column":56}},"4":{"start":{"line":8,"column":6},"end":{"line":11,"column":9}},"5":{"start":{"line":13,"column":6},"end":{"line":13,"column":25}},"6":{"start":{"line":14,"column":6},"end":{"line":16,"column":9}},"7":{"start":{"line":21,"column":28},"end":{"line":31,"column":1}},"8":{"start":{"line":22,"column":3},"end":{"line":30,"column":4}},"9":{"start":{"line":23,"column":22},"end":{"line":23,"column":77}},"10":{"start":{"line":24,"column":6},"end":{"line":24,"column":43}},"11":{"start":{"line":26,"column":6},"end":{"line":26,"column":25}},"12":{"start":{"line":27,"column":6},"end":{"line":29,"column":9}},"13":{"start":{"line":34,"column":31},"end":{"line":45,"column":1}},"14":{"start":{"line":35,"column":3},"end":{"line":44,"column":4}},"15":{"start":{"line":36,"column":20},"end":{"line":36,"column":33}},"16":{"start":{"line":37,"column":25},"end":{"line":37,"column":95}},"17":{"start":{"line":38,"column":9},"end":{"line":38,"column":46}},"18":{"start":{"line":40,"column":6},"end":{"line":40,"column":25}},"19":{"start":{"line":41,"column":6},"end":{"line":43,"column":9}},"20":{"start":{"line":48,"column":32},"end":{"line":64,"column":1}},"21":{"start":{"line":49,"column":3},"end":{"line":63,"column":4}},"22":{"start":{"line":50,"column":20},"end":{"line":50,"column":33}},"23":{"start":{"line":51,"column":26},"end":{"line":51,"column":34}},"24":{"start":{"line":52,"column":9},"end":{"line":52,"column":58}},"25":{"start":{"line":53,"column":25},"end":{"line":53,"column":95}},"26":{"start":{"line":54,"column":9},"end":{"line":57,"column":12}},"27":{"start":{"line":59,"column":6},"end":{"line":59,"column":25}},"28":{"start":{"line":60,"column":6},"end":{"line":62,"column":9}},"29":{"start":{"line":67,"column":34},"end":{"line":89,"column":1}},"30":{"start":{"line":68,"column":3},"end":{"line":88,"column":4}},"31":{"start":{"line":69,"column":17},"end":{"line":69,"column":30}},"32":{"start":{"line":70,"column":6},"end":{"line":70,"column":21}},"33":{"start":{"line":71,"column":6},"end":{"line":82,"column":9}},"34":{"start":{"line":74,"column":9},"end":{"line":76,"column":12}},"35":{"start":{"line":78,"column":9},"end":{"line":78,"column":27}},"36":{"start":{"line":79,"column":9},"end":{"line":81,"column":11}},"37":{"start":{"line":84,"column":6},"end":{"line":84,"column":25}},"38":{"start":{"line":85,"column":6},"end":{"line":87,"column":9}},"39":{"start":{"line":92,"column":40},"end":{"line":111,"column":1}},"40":{"start":{"line":93,"column":3},"end":{"line":110,"column":4}},"41":{"start":{"line":94,"column":17},"end":{"line":94,"column":30}},"42":{"start":{"line":95,"column":22},"end":{"line":103,"column":8}},"43":{"start":{"line":104,"column":6},"end":{"line":104,"column":43}},"44":{"start":{"line":106,"column":6},"end":{"line":106,"column":25}},"45":{"start":{"line":107,"column":6},"end":{"line":109,"column":9}}},"fnMap":{"0":{"name":"(anonymous_0)","decl":{"start":{"line":4,"column":30},"end":{"line":4,"column":31}},"loc":{"start":{"line":4,"column":50},"end":{"line":18,"column":1}},"line":4},"1":{"name":"(anonymous_1)","decl":{"start":{"line":21,"column":28},"end":{"line":21,"column":29}},"loc":{"start":{"line":21,"column":47},"end":{"line":31,"column":1}},"line":21},"2":{"name":"(anonymous_2)","decl":{"start":{"line":34,"column":31},"end":{"line":34,"column":32}},"loc":{"start":{"line":34,"column":50},"end":{"line":45,"column":1}},"line":34},"3":{"name":"(anonymous_3)","decl":{"start":{"line":48,"column":32},"end":{"line":48,"column":33}},"loc":{"start":{"line":48,"column":51},"end":{"line":64,"column":1}},"line":48},"4":{"name":"(anonymous_4)","decl":{"start":{"line":67,"column":34},"end":{"line":67,"column":35}},"loc":{"start":{"line":67,"column":53},"end":{"line":89,"column":1}},"line":67},"5":{"name":"(anonymous_5)","decl":{"start":{"line":73,"column":14},"end":{"line":73,"column":15}},"loc":{"start":{"line":73,"column":24},"end":{"line":77,"column":7}},"line":73},"6":{"name":"(anonymous_6)","decl":{"start":{"line":77,"column":15},"end":{"line":77,"column":16}},"loc":{"start":{"line":77,"column":24},"end":{"line":82,"column":7}},"line":77},"7":{"name":"(anonymous_7)","decl":{"start":{"line":92,"column":40},"end":{"line":92,"column":41}},"loc":{"start":{"line":92,"column":59},"end":{"line":111,"column":1}},"line":92}},"branchMap":{},"s":{"0":2,"1":0,"2":0,"3":0,"4":0,"5":0,"6":0,"7":2,"8":0,"9":0,"10":0,"11":0,"12":0,"13":2,"14":0,"15":0,"16":0,"17":0,"18":0,"19":0,"20":2,"21":0,"22":0,"23":0,"24":0,"25":0,"26":0,"27":0,"28":0,"29":2,"30":0,"31":0,"32":0,"33":0,"34":0,"35":0,"36":0,"37":0,"38":0,"39":2,"40":0,"41":0,"42":0,"43":0,"44":0,"45":0},"f":{"0":0,"1":0,"2":0,"3":0,"4":0,"5":0,"6":0,"7":0},"b":{},"_coverageSchema":"1a1c01bbd47fc00a2c39e90264f33305004495a9","hash":"579c8520d7efbd5064fde038c4a3886c9413c08f"}
,"/home/alex/code/AMod3-Node/AMod3-ProyectoFinal/src/controllers/genres.js": {"path":"/home/alex/code/AMod3-Node/AMod3-ProyectoFinal/src/controllers/genres.js","statementMap":{"0":{"start":{"line":4,"column":27},"end":{"line":18,"column":1}},"1":{"start":{"line":5,"column":20},"end":{"line":5,"column":28}},"2":{"start":{"line":6,"column":3},"end":{"line":17,"column":4}},"3":{"start":{"line":7,"column":21},"end":{"line":7,"column":50}},"4":{"start":{"line":8,"column":6},"end":{"line":11,"column":9}},"5":{"start":{"line":13,"column":6},"end":{"line":13,"column":25}},"6":{"start":{"line":14,"column":6},"end":{"line":16,"column":9}},"7":{"start":{"line":21,"column":25},"end":{"line":31,"column":1}},"8":{"start":{"line":22,"column":3},"end":{"line":30,"column":4}},"9":{"start":{"line":23,"column":22},"end":{"line":23,"column":74}},"10":{"start":{"line":24,"column":6},"end":{"line":24,"column":43}},"11":{"start":{"line":26,"column":6},"end":{"line":26,"column":25}},"12":{"start":{"line":27,"column":6},"end":{"line":29,"column":9}},"13":{"start":{"line":34,"column":28},"end":{"line":45,"column":1}},"14":{"start":{"line":35,"column":3},"end":{"line":44,"column":4}},"15":{"start":{"line":36,"column":20},"end":{"line":36,"column":33}},"16":{"start":{"line":37,"column":25},"end":{"line":37,"column":92}},"17":{"start":{"line":38,"column":9},"end":{"line":38,"column":46}},"18":{"start":{"line":40,"column":6},"end":{"line":40,"column":25}},"19":{"start":{"line":41,"column":6},"end":{"line":43,"column":9}},"20":{"start":{"line":48,"column":29},"end":{"line":64,"column":1}},"21":{"start":{"line":49,"column":3},"end":{"line":63,"column":4}},"22":{"start":{"line":50,"column":20},"end":{"line":50,"column":33}},"23":{"start":{"line":51,"column":26},"end":{"line":51,"column":34}},"24":{"start":{"line":52,"column":9},"end":{"line":52,"column":55}},"25":{"start":{"line":53,"column":25},"end":{"line":53,"column":92}},"26":{"start":{"line":54,"column":9},"end":{"line":57,"column":12}},"27":{"start":{"line":59,"column":6},"end":{"line":59,"column":25}},"28":{"start":{"line":60,"column":6},"end":{"line":62,"column":9}},"29":{"start":{"line":67,"column":31},"end":{"line":89,"column":1}},"30":{"start":{"line":68,"column":3},"end":{"line":88,"column":4}},"31":{"start":{"line":69,"column":17},"end":{"line":69,"column":30}},"32":{"start":{"line":70,"column":6},"end":{"line":70,"column":21}},"33":{"start":{"line":71,"column":6},"end":{"line":82,"column":9}},"34":{"start":{"line":74,"column":9},"end":{"line":76,"column":12}},"35":{"start":{"line":78,"column":9},"end":{"line":78,"column":27}},"36":{"start":{"line":79,"column":9},"end":{"line":81,"column":11}},"37":{"start":{"line":84,"column":6},"end":{"line":84,"column":25}},"38":{"start":{"line":85,"column":6},"end":{"line":87,"column":9}},"39":{"start":{"line":92,"column":37},"end":{"line":111,"column":1}},"40":{"start":{"line":93,"column":3},"end":{"line":110,"column":4}},"41":{"start":{"line":94,"column":17},"end":{"line":94,"column":30}},"42":{"start":{"line":95,"column":22},"end":{"line":103,"column":8}},"43":{"start":{"line":104,"column":6},"end":{"line":104,"column":43}},"44":{"start":{"line":106,"column":6},"end":{"line":106,"column":25}},"45":{"start":{"line":107,"column":6},"end":{"line":109,"column":9}}},"fnMap":{"0":{"name":"(anonymous_0)","decl":{"start":{"line":4,"column":27},"end":{"line":4,"column":28}},"loc":{"start":{"line":4,"column":47},"end":{"line":18,"column":1}},"line":4},"1":{"name":"(anonymous_1)","decl":{"start":{"line":21,"column":25},"end":{"line":21,"column":26}},"loc":{"start":{"line":21,"column":44},"end":{"line":31,"column":1}},"line":21},"2":{"name":"(anonymous_2)","decl":{"start":{"line":34,"column":28},"end":{"line":34,"column":29}},"loc":{"start":{"line":34,"column":47},"end":{"line":45,"column":1}},"line":34},"3":{"name":"(anonymous_3)","decl":{"start":{"line":48,"column":29},"end":{"line":48,"column":30}},"loc":{"start":{"line":48,"column":48},"end":{"line":64,"column":1}},"line":48},"4":{"name":"(anonymous_4)","decl":{"start":{"line":67,"column":31},"end":{"line":67,"column":32}},"loc":{"start":{"line":67,"column":50},"end":{"line":89,"column":1}},"line":67},"5":{"name":"(anonymous_5)","decl":{"start":{"line":73,"column":14},"end":{"line":73,"column":15}},"loc":{"start":{"line":73,"column":24},"end":{"line":77,"column":7}},"line":73},"6":{"name":"(anonymous_6)","decl":{"start":{"line":77,"column":15},"end":{"line":77,"column":16}},"loc":{"start":{"line":77,"column":24},"end":{"line":82,"column":7}},"line":77},"7":{"name":"(anonymous_7)","decl":{"start":{"line":92,"column":37},"end":{"line":92,"column":38}},"loc":{"start":{"line":92,"column":56},"end":{"line":111,"column":1}},"line":92}},"branchMap":{},"s":{"0":2,"1":0,"2":0,"3":0,"4":0,"5":0,"6":0,"7":2,"8":0,"9":0,"10":0,"11":0,"12":0,"13":2,"14":0,"15":0,"16":0,"17":0,"18":0,"19":0,"20":2,"21":0,"22":0,"23":0,"24":0,"25":0,"26":0,"27":0,"28":0,"29":2,"30":0,"31":0,"32":0,"33":0,"34":0,"35":0,"36":0,"37":0,"38":0,"39":2,"40":0,"41":0,"42":0,"43":0,"44":0,"45":0},"f":{"0":0,"1":0,"2":0,"3":0,"4":0,"5":0,"6":0,"7":0},"b":{},"_coverageSchema":"1a1c01bbd47fc00a2c39e90264f33305004495a9","hash":"e5ae3a7c9b4e86ea10c4b751a6312ed3d9b86c4d"}
,"/home/alex/code/AMod3-Node/AMod3-ProyectoFinal/src/controllers/roles.js": {"path":"/home/alex/code/AMod3-Node/AMod3-ProyectoFinal/src/controllers/roles.js","statementMap":{"0":{"start":{"line":6,"column":26},"end":{"line":19,"column":1}},"1":{"start":{"line":7,"column":3},"end":{"line":18,"column":4}},"2":{"start":{"line":8,"column":23},"end":{"line":8,"column":31}},"3":{"start":{"line":9,"column":20},"end":{"line":9,"column":48}},"4":{"start":{"line":10,"column":6},"end":{"line":13,"column":9}},"5":{"start":{"line":15,"column":6},"end":{"line":17,"column":8}},"6":{"start":{"line":24,"column":24},"end":{"line":46,"column":1}},"7":{"start":{"line":25,"column":3},"end":{"line":45,"column":4}},"8":{"start":{"line":26,"column":23},"end":{"line":26,"column":31}},"9":{"start":{"line":27,"column":21},"end":{"line":27,"column":38}},"10":{"start":{"line":28,"column":25},"end":{"line":28,"column":71}},"11":{"start":{"line":29,"column":6},"end":{"line":40,"column":7}},"12":{"start":{"line":30,"column":9},"end":{"line":30,"column":64}},"13":{"start":{"line":31,"column":28},"end":{"line":31,"column":74}},"14":{"start":{"line":32,"column":9},"end":{"line":35,"column":12}},"15":{"start":{"line":37,"column":9},"end":{"line":39,"column":12}},"16":{"start":{"line":42,"column":6},"end":{"line":44,"column":8}}},"fnMap":{"0":{"name":"(anonymous_0)","decl":{"start":{"line":6,"column":26},"end":{"line":6,"column":27}},"loc":{"start":{"line":6,"column":46},"end":{"line":19,"column":1}},"line":6},"1":{"name":"(anonymous_1)","decl":{"start":{"line":24,"column":24},"end":{"line":24,"column":25}},"loc":{"start":{"line":24,"column":44},"end":{"line":46,"column":1}},"line":24}},"branchMap":{"0":{"loc":{"start":{"line":29,"column":6},"end":{"line":40,"column":7}},"type":"if","locations":[{"start":{"line":29,"column":6},"end":{"line":40,"column":7}},{"start":{"line":29,"column":6},"end":{"line":40,"column":7}}],"line":29}},"s":{"0":2,"1":0,"2":0,"3":0,"4":0,"5":0,"6":2,"7":0,"8":0,"9":0,"10":0,"11":0,"12":0,"13":0,"14":0,"15":0,"16":0},"f":{"0":0,"1":0},"b":{"0":[0,0]},"_coverageSchema":"1a1c01bbd47fc00a2c39e90264f33305004495a9","hash":"fa22f62518f023c983eae6af5c07929bde494287"}
,"/home/alex/code/AMod3-Node/AMod3-ProyectoFinal/src/controllers/users.js": {"path":"/home/alex/code/AMod3-Node/AMod3-ProyectoFinal/src/controllers/users.js","statementMap":{"0":{"start":{"line":8,"column":26},"end":{"line":30,"column":1}},"1":{"start":{"line":9,"column":53},"end":{"line":9,"column":61}},"2":{"start":{"line":10,"column":4},"end":{"line":29,"column":5}},"3":{"start":{"line":11,"column":27},"end":{"line":11,"column":68}},"4":{"start":{"line":12,"column":8},"end":{"line":12,"column":32}},"5":{"start":{"line":13,"column":8},"end":{"line":24,"column":9}},"6":{"start":{"line":14,"column":31},"end":{"line":14,"column":62}},"7":{"start":{"line":15,"column":26},"end":{"line":15,"column":99}},"8":{"start":{"line":16,"column":12},"end":{"line":19,"column":15}},"9":{"start":{"line":21,"column":12},"end":{"line":23,"column":15}},"10":{"start":{"line":26,"column":8},"end":{"line":28,"column":11}},"11":{"start":{"line":35,"column":24},"end":{"line":42,"column":1}},"12":{"start":{"line":36,"column":4},"end":{"line":41,"column":5}},"13":{"start":{"line":37,"column":28},"end":{"line":37,"column":49}},"14":{"start":{"line":38,"column":12},"end":{"line":38,"column":49}},"15":{"start":{"line":40,"column":8},"end":{"line":40,"column":27}},"16":{"start":{"line":47,"column":24},"end":{"line":63,"column":1}},"17":{"start":{"line":48,"column":43},"end":{"line":48,"column":51}},"18":{"start":{"line":49,"column":19},"end":{"line":49,"column":36}},"19":{"start":{"line":50,"column":4},"end":{"line":62,"column":5}},"20":{"start":{"line":51,"column":8},"end":{"line":51,"column":85}},"21":{"start":{"line":52,"column":27},"end":{"line":52,"column":73}},"22":{"start":{"line":53,"column":8},"end":{"line":56,"column":11}},"23":{"start":{"line":59,"column":8},"end":{"line":61,"column":11}},"24":{"start":{"line":68,"column":24},"end":{"line":92,"column":1}},"25":{"start":{"line":69,"column":31},"end":{"line":69,"column":41}},"26":{"start":{"line":70,"column":4},"end":{"line":91,"column":5}},"27":{"start":{"line":72,"column":26},"end":{"line":72,"column":71}},"28":{"start":{"line":73,"column":26},"end":{"line":73,"column":71}},"29":{"start":{"line":75,"column":8},"end":{"line":86,"column":9}},"30":{"start":{"line":77,"column":28},"end":{"line":77,"column":70}},"31":{"start":{"line":78,"column":12},"end":{"line":81,"column":15}},"32":{"start":{"line":83,"column":12},"end":{"line":85,"column":15}},"33":{"start":{"line":88,"column":8},"end":{"line":90,"column":11}},"34":{"start":{"line":97,"column":28},"end":{"line":131,"column":1}},"35":{"start":{"line":98,"column":31},"end":{"line":98,"column":41}},"36":{"start":{"line":99,"column":22},"end":{"line":99,"column":37}},"37":{"start":{"line":100,"column":4},"end":{"line":130,"column":5}},"38":{"start":{"line":102,"column":25},"end":{"line":104,"column":12}},"39":{"start":{"line":106,"column":8},"end":{"line":125,"column":9}},"40":{"start":{"line":108,"column":30},"end":{"line":108,"column":78}},"41":{"start":{"line":110,"column":12},"end":{"line":120,"column":13}},"42":{"start":{"line":112,"column":16},"end":{"line":112,"column":87}},"43":{"start":{"line":113,"column":16},"end":{"line":115,"column":19}},"44":{"start":{"line":117,"column":16},"end":{"line":119,"column":19}},"45":{"start":{"line":122,"column":12},"end":{"line":124,"column":15}},"46":{"start":{"line":127,"column":8},"end":{"line":129,"column":11}},"47":{"start":{"line":136,"column":29},"end":{"line":155,"column":1}},"48":{"start":{"line":137,"column":4},"end":{"line":154,"column":5}},"49":{"start":{"line":138,"column":28},"end":{"line":147,"column":14}},"50":{"start":{"line":151,"column":12},"end":{"line":151,"column":49}},"51":{"start":{"line":153,"column":8},"end":{"line":153,"column":27}}},"fnMap":{"0":{"name":"(anonymous_0)","decl":{"start":{"line":8,"column":26},"end":{"line":8,"column":27}},"loc":{"start":{"line":8,"column":46},"end":{"line":30,"column":1}},"line":8},"1":{"name":"(anonymous_1)","decl":{"start":{"line":35,"column":24},"end":{"line":35,"column":25}},"loc":{"start":{"line":35,"column":43},"end":{"line":42,"column":1}},"line":35},"2":{"name":"(anonymous_2)","decl":{"start":{"line":47,"column":24},"end":{"line":47,"column":25}},"loc":{"start":{"line":47,"column":44},"end":{"line":63,"column":1}},"line":47},"3":{"name":"(anonymous_3)","decl":{"start":{"line":68,"column":24},"end":{"line":68,"column":25}},"loc":{"start":{"line":68,"column":43},"end":{"line":92,"column":1}},"line":68},"4":{"name":"(anonymous_4)","decl":{"start":{"line":97,"column":28},"end":{"line":97,"column":29}},"loc":{"start":{"line":97,"column":47},"end":{"line":131,"column":1}},"line":97},"5":{"name":"(anonymous_5)","decl":{"start":{"line":136,"column":29},"end":{"line":136,"column":30}},"loc":{"start":{"line":136,"column":48},"end":{"line":155,"column":1}},"line":136}},"branchMap":{"0":{"loc":{"start":{"line":13,"column":8},"end":{"line":24,"column":9}},"type":"if","locations":[{"start":{"line":13,"column":8},"end":{"line":24,"column":9}},{"start":{"line":13,"column":8},"end":{"line":24,"column":9}}],"line":13},"1":{"loc":{"start":{"line":75,"column":8},"end":{"line":86,"column":9}},"type":"if","locations":[{"start":{"line":75,"column":8},"end":{"line":86,"column":9}},{"start":{"line":75,"column":8},"end":{"line":86,"column":9}}],"line":75},"2":{"loc":{"start":{"line":75,"column":11},"end":{"line":75,"column":33}},"type":"binary-expr","locations":[{"start":{"line":75,"column":11},"end":{"line":75,"column":20}},{"start":{"line":75,"column":24},"end":{"line":75,"column":33}}],"line":75},"3":{"loc":{"start":{"line":106,"column":8},"end":{"line":125,"column":9}},"type":"if","locations":[{"start":{"line":106,"column":8},"end":{"line":125,"column":9}},{"start":{"line":106,"column":8},"end":{"line":125,"column":9}}],"line":106},"4":{"loc":{"start":{"line":110,"column":12},"end":{"line":120,"column":13}},"type":"if","locations":[{"start":{"line":110,"column":12},"end":{"line":120,"column":13}},{"start":{"line":110,"column":12},"end":{"line":120,"column":13}}],"line":110}},"s":{"0":2,"1":0,"2":0,"3":0,"4":0,"5":0,"6":0,"7":0,"8":0,"9":0,"10":0,"11":2,"12":0,"13":0,"14":0,"15":0,"16":2,"17":0,"18":0,"19":0,"20":0,"21":0,"22":0,"23":0,"24":2,"25":0,"26":0,"27":0,"28":0,"29":0,"30":0,"31":0,"32":0,"33":0,"34":2,"35":0,"36":0,"37":0,"38":0,"39":0,"40":0,"41":0,"42":0,"43":0,"44":0,"45":0,"46":0,"47":2,"48":0,"49":0,"50":0,"51":0},"f":{"0":0,"1":0,"2":0,"3":0,"4":0,"5":0},"b":{"0":[0,0],"1":[0,0],"2":[0,0],"3":[0,0],"4":[0,0]},"_coverageSchema":"1a1c01bbd47fc00a2c39e90264f33305004495a9","hash":"87d3e9b2a24e811a92a7898000bc42ee77e8ba2a"}
,"/home/alex/code/AMod3-Node/AMod3-ProyectoFinal/src/middlewares/jwt.js": {"path":"/home/alex/code/AMod3-Node/AMod3-ProyectoFinal/src/middlewares/jwt.js","statementMap":{"0":{"start":{"line":5,"column":27},"end":{"line":15,"column":1}},"1":{"start":{"line":7,"column":20},"end":{"line":12,"column":5}},"2":{"start":{"line":13,"column":18},"end":{"line":13,"column":99}},"3":{"start":{"line":14,"column":4},"end":{"line":14,"column":17}}},"fnMap":{"0":{"name":"(anonymous_0)","decl":{"start":{"line":5,"column":27},"end":{"line":5,"column":28}},"loc":{"start":{"line":5,"column":37},"end":{"line":15,"column":1}},"line":5}},"branchMap":{},"s":{"0":2,"1":2,"2":2,"3":2},"f":{"0":2},"b":{},"_coverageSchema":"1a1c01bbd47fc00a2c39e90264f33305004495a9","hash":"ed5a1f10fbb8571b62ef3e786559691f37a1d7cc"}
,"/home/alex/code/AMod3-Node/AMod3-ProyectoFinal/src/middlewares/roleAuth.js": {"path":"/home/alex/code/AMod3-Node/AMod3-ProyectoFinal/src/middlewares/roleAuth.js","statementMap":{"0":{"start":{"line":4,"column":16},"end":{"line":15,"column":1}},"1":{"start":{"line":5,"column":3},"end":{"line":14,"column":4}},"2":{"start":{"line":6,"column":19},"end":{"line":9,"column":8}},"3":{"start":{"line":10,"column":23},"end":{"line":10,"column":41}},"4":{"start":{"line":11,"column":6},"end":{"line":11,"column":22}},"5":{"start":{"line":13,"column":6},"end":{"line":13,"column":25}},"6":{"start":{"line":18,"column":23},"end":{"line":37,"column":1}},"7":{"start":{"line":19,"column":3},"end":{"line":36,"column":5}},"8":{"start":{"line":20,"column":6},"end":{"line":35,"column":7}},"9":{"start":{"line":21,"column":20},"end":{"line":21,"column":37}},"10":{"start":{"line":22,"column":26},"end":{"line":22,"column":43}},"11":{"start":{"line":23,"column":9},"end":{"line":29,"column":10}},"12":{"start":{"line":24,"column":12},"end":{"line":24,"column":19}},"13":{"start":{"line":26,"column":12},"end":{"line":28,"column":12}},"14":{"start":{"line":31,"column":9},"end":{"line":31,"column":28}},"15":{"start":{"line":32,"column":9},"end":{"line":34,"column":12}},"16":{"start":{"line":40,"column":24},"end":{"line":59,"column":1}},"17":{"start":{"line":41,"column":3},"end":{"line":58,"column":5}},"18":{"start":{"line":42,"column":6},"end":{"line":57,"column":7}},"19":{"start":{"line":43,"column":20},"end":{"line":43,"column":37}},"20":{"start":{"line":44,"column":26},"end":{"line":44,"column":43}},"21":{"start":{"line":45,"column":9},"end":{"line":51,"column":10}},"22":{"start":{"line":46,"column":12},"end":{"line":46,"column":19}},"23":{"start":{"line":48,"column":12},"end":{"line":50,"column":12}},"24":{"start":{"line":53,"column":9},"end":{"line":53,"column":28}},"25":{"start":{"line":54,"column":9},"end":{"line":56,"column":12}},"26":{"start":{"line":62,"column":22},"end":{"line":81,"column":1}},"27":{"start":{"line":63,"column":3},"end":{"line":80,"column":5}},"28":{"start":{"line":64,"column":6},"end":{"line":79,"column":7}},"29":{"start":{"line":65,"column":20},"end":{"line":65,"column":37}},"30":{"start":{"line":66,"column":26},"end":{"line":66,"column":43}},"31":{"start":{"line":67,"column":9},"end":{"line":73,"column":10}},"32":{"start":{"line":68,"column":12},"end":{"line":68,"column":19}},"33":{"start":{"line":70,"column":12},"end":{"line":72,"column":12}},"34":{"start":{"line":75,"column":9},"end":{"line":75,"column":28}},"35":{"start":{"line":76,"column":9},"end":{"line":78,"column":12}}},"fnMap":{"0":{"name":"(anonymous_0)","decl":{"start":{"line":4,"column":16},"end":{"line":4,"column":17}},"loc":{"start":{"line":4,"column":30},"end":{"line":15,"column":1}},"line":4},"1":{"name":"(anonymous_1)","decl":{"start":{"line":18,"column":23},"end":{"line":18,"column":24}},"loc":{"start":{"line":18,"column":29},"end":{"line":37,"column":1}},"line":18},"2":{"name":"(anonymous_2)","decl":{"start":{"line":19,"column":10},"end":{"line":19,"column":11}},"loc":{"start":{"line":19,"column":36},"end":{"line":36,"column":4}},"line":19},"3":{"name":"(anonymous_3)","decl":{"start":{"line":40,"column":24},"end":{"line":40,"column":25}},"loc":{"start":{"line":40,"column":30},"end":{"line":59,"column":1}},"line":40},"4":{"name":"(anonymous_4)","decl":{"start":{"line":41,"column":10},"end":{"line":41,"column":11}},"loc":{"start":{"line":41,"column":36},"end":{"line":58,"column":4}},"line":41},"5":{"name":"(anonymous_5)","decl":{"start":{"line":62,"column":22},"end":{"line":62,"column":23}},"loc":{"start":{"line":62,"column":28},"end":{"line":81,"column":1}},"line":62},"6":{"name":"(anonymous_6)","decl":{"start":{"line":63,"column":10},"end":{"line":63,"column":11}},"loc":{"start":{"line":63,"column":36},"end":{"line":80,"column":4}},"line":63}},"branchMap":{"0":{"loc":{"start":{"line":23,"column":9},"end":{"line":29,"column":10}},"type":"if","locations":[{"start":{"line":23,"column":9},"end":{"line":29,"column":10}},{"start":{"line":23,"column":9},"end":{"line":29,"column":10}}],"line":23},"1":{"loc":{"start":{"line":45,"column":9},"end":{"line":51,"column":10}},"type":"if","locations":[{"start":{"line":45,"column":9},"end":{"line":51,"column":10}},{"start":{"line":45,"column":9},"end":{"line":51,"column":10}}],"line":45},"2":{"loc":{"start":{"line":45,"column":12},"end":{"line":45,"column":65}},"type":"binary-expr","locations":[{"start":{"line":45,"column":12},"end":{"line":45,"column":33}},{"start":{"line":45,"column":37},"end":{"line":45,"column":65}}],"line":45},"3":{"loc":{"start":{"line":67,"column":9},"end":{"line":73,"column":10}},"type":"if","locations":[{"start":{"line":67,"column":9},"end":{"line":73,"column":10}},{"start":{"line":67,"column":9},"end":{"line":73,"column":10}}],"line":67},"4":{"loc":{"start":{"line":67,"column":12},"end":{"line":67,"column":91}},"type":"binary-expr","locations":[{"start":{"line":67,"column":12},"end":{"line":67,"column":34}},{"start":{"line":67,"column":38},"end":{"line":67,"column":59}},{"start":{"line":67,"column":63},"end":{"line":67,"column":91}}],"line":67}},"s":{"0":2,"1":6,"2":6,"3":6,"4":6,"5":0,"6":2,"7":10,"8":1,"9":1,"10":1,"11":1,"12":1,"13":0,"14":0,"15":0,"16":2,"17":16,"18":2,"19":2,"20":2,"21":2,"22":2,"23":0,"24":0,"25":0,"26":2,"27":28,"28":3,"29":3,"30":3,"31":3,"32":3,"33":0,"34":0,"35":0},"f":{"0":6,"1":10,"2":1,"3":16,"4":2,"5":28,"6":3},"b":{"0":[1,0],"1":[2,0],"2":[2,0],"3":[3,0],"4":[3,1,1]},"_coverageSchema":"1a1c01bbd47fc00a2c39e90264f33305004495a9","hash":"4f015fd1d0f50a509989c3134bc43c8b751a759a"}
,"/home/alex/code/AMod3-Node/AMod3-ProyectoFinal/src/middlewares/validators.js": {"path":"/home/alex/code/AMod3-Node/AMod3-ProyectoFinal/src/middlewares/validators.js","statementMap":{"0":{"start":{"line":6,"column":24},"end":{"line":18,"column":1}},"1":{"start":{"line":7,"column":3},"end":{"line":17,"column":4}},"2":{"start":{"line":8,"column":6},"end":{"line":16,"column":7}},"3":{"start":{"line":9,"column":9},"end":{"line":9,"column":46}},"4":{"start":{"line":10,"column":9},"end":{"line":10,"column":16}},"5":{"start":{"line":12,"column":9},"end":{"line":12,"column":45}},"6":{"start":{"line":13,"column":9},"end":{"line":15,"column":12}},"7":{"start":{"line":23,"column":27},"end":{"line":26,"column":2}},"8":{"start":{"line":28,"column":36},"end":{"line":31,"column":2}},"9":{"start":{"line":36,"column":30},"end":{"line":38,"column":2}},"10":{"start":{"line":40,"column":26},"end":{"line":42,"column":2}},"11":{"start":{"line":47,"column":26},"end":{"line":52,"column":2}},"12":{"start":{"line":54,"column":30},"end":{"line":58,"column":2}}},"fnMap":{"0":{"name":"(anonymous_0)","decl":{"start":{"line":6,"column":24},"end":{"line":6,"column":25}},"loc":{"start":{"line":6,"column":36},"end":{"line":18,"column":1}},"line":6},"1":{"name":"(anonymous_1)","decl":{"start":{"line":7,"column":10},"end":{"line":7,"column":11}},"loc":{"start":{"line":7,"column":36},"end":{"line":17,"column":4}},"line":7}},"branchMap":{},"s":{"0":2,"1":16,"2":3,"3":3,"4":3,"5":0,"6":0,"7":2,"8":2,"9":2,"10":2,"11":2,"12":2},"f":{"0":16,"1":3},"b":{},"_coverageSchema":"1a1c01bbd47fc00a2c39e90264f33305004495a9","hash":"1c459fe1e12d5068c3314cfae1e95e861bb7ff96"}
,"/home/alex/code/AMod3-Node/AMod3-ProyectoFinal/src/models/actors.js": {"path":"/home/alex/code/AMod3-Node/AMod3-ProyectoFinal/src/models/actors.js","statementMap":{"0":{"start":{"line":4,"column":4},"end":{"line":4,"column":24}},"1":{"start":{"line":5,"column":0},"end":{"line":27,"column":2}},"2":{"start":{"line":14,"column":6},"end":{"line":17,"column":9}},"3":{"start":{"line":20,"column":2},"end":{"line":25,"column":5}},"4":{"start":{"line":26,"column":2},"end":{"line":26,"column":16}}},"fnMap":{"0":{"name":"(anonymous_0)","decl":{"start":{"line":5,"column":17},"end":{"line":5,"column":18}},"loc":{"start":{"line":5,"column":43},"end":{"line":27,"column":1}},"line":5},"1":{"name":"(anonymous_1)","decl":{"start":{"line":12,"column":4},"end":{"line":12,"column":5}},"loc":{"start":{"line":12,"column":29},"end":{"line":18,"column":5}},"line":12}},"branchMap":{},"s":{"0":2,"1":2,"2":2,"3":2,"4":2},"f":{"0":2,"1":2},"b":{},"_coverageSchema":"1a1c01bbd47fc00a2c39e90264f33305004495a9","hash":"39e05e0a70d36eb1ebd0f85cc5db8a76733e37f5"}
,"/home/alex/code/AMod3-Node/AMod3-ProyectoFinal/src/models/content_ratings.js": {"path":"/home/alex/code/AMod3-Node/AMod3-ProyectoFinal/src/models/content_ratings.js","statementMap":{"0":{"start":{"line":4,"column":4},"end":{"line":4,"column":24}},"1":{"start":{"line":5,"column":0},"end":{"line":32,"column":2}},"2":{"start":{"line":14,"column":6},"end":{"line":16,"column":9}},"3":{"start":{"line":18,"column":6},"end":{"line":20,"column":9}},"4":{"start":{"line":23,"column":2},"end":{"line":30,"column":5}},"5":{"start":{"line":31,"column":2},"end":{"line":31,"column":25}}},"fnMap":{"0":{"name":"(anonymous_0)","decl":{"start":{"line":5,"column":17},"end":{"line":5,"column":18}},"loc":{"start":{"line":5,"column":43},"end":{"line":32,"column":1}},"line":5},"1":{"name":"(anonymous_1)","decl":{"start":{"line":12,"column":4},"end":{"line":12,"column":5}},"loc":{"start":{"line":12,"column":29},"end":{"line":21,"column":5}},"line":12}},"branchMap":{},"s":{"0":2,"1":2,"2":2,"3":2,"4":2,"5":2},"f":{"0":2,"1":2},"b":{},"_coverageSchema":"1a1c01bbd47fc00a2c39e90264f33305004495a9","hash":"406ea2aa81f2877b7c491b3f6f2be4f92a87854e"}
,"/home/alex/code/AMod3-Node/AMod3-ProyectoFinal/src/models/content_types.js": {"path":"/home/alex/code/AMod3-Node/AMod3-ProyectoFinal/src/models/content_types.js","statementMap":{"0":{"start":{"line":4,"column":4},"end":{"line":4,"column":24}},"1":{"start":{"line":5,"column":0},"end":{"line":30,"column":2}},"2":{"start":{"line":14,"column":6},"end":{"line":16,"column":9}},"3":{"start":{"line":18,"column":6},"end":{"line":20,"column":9}},"4":{"start":{"line":23,"column":2},"end":{"line":28,"column":5}},"5":{"start":{"line":29,"column":2},"end":{"line":29,"column":23}}},"fnMap":{"0":{"name":"(anonymous_0)","decl":{"start":{"line":5,"column":17},"end":{"line":5,"column":18}},"loc":{"start":{"line":5,"column":43},"end":{"line":30,"column":1}},"line":5},"1":{"name":"(anonymous_1)","decl":{"start":{"line":12,"column":4},"end":{"line":12,"column":5}},"loc":{"start":{"line":12,"column":29},"end":{"line":21,"column":5}},"line":12}},"branchMap":{},"s":{"0":2,"1":2,"2":2,"3":2,"4":2,"5":2},"f":{"0":2,"1":2},"b":{},"_coverageSchema":"1a1c01bbd47fc00a2c39e90264f33305004495a9","hash":"6f1f7293bebfefe300f85206b3855cf03e9b4636"}
,"/home/alex/code/AMod3-Node/AMod3-ProyectoFinal/src/models/contentactors.js": {"path":"/home/alex/code/AMod3-Node/AMod3-ProyectoFinal/src/models/contentactors.js","statementMap":{"0":{"start":{"line":4,"column":4},"end":{"line":4,"column":24}},"1":{"start":{"line":5,"column":0},"end":{"line":31,"column":2}},"2":{"start":{"line":16,"column":2},"end":{"line":29,"column":5}},"3":{"start":{"line":30,"column":2},"end":{"line":30,"column":23}}},"fnMap":{"0":{"name":"(anonymous_0)","decl":{"start":{"line":5,"column":17},"end":{"line":5,"column":18}},"loc":{"start":{"line":5,"column":43},"end":{"line":31,"column":1}},"line":5},"1":{"name":"(anonymous_1)","decl":{"start":{"line":12,"column":4},"end":{"line":12,"column":5}},"loc":{"start":{"line":12,"column":29},"end":{"line":14,"column":5}},"line":12}},"branchMap":{},"s":{"0":2,"1":2,"2":2,"3":2},"f":{"0":2,"1":2},"b":{},"_coverageSchema":"1a1c01bbd47fc00a2c39e90264f33305004495a9","hash":"4d63be8d4c48012153229311378a8c0089164978"}
,"/home/alex/code/AMod3-Node/AMod3-ProyectoFinal/src/models/contentdirectors.js": {"path":"/home/alex/code/AMod3-Node/AMod3-ProyectoFinal/src/models/contentdirectors.js","statementMap":{"0":{"start":{"line":4,"column":4},"end":{"line":4,"column":24}},"1":{"start":{"line":5,"column":0},"end":{"line":31,"column":2}},"2":{"start":{"line":16,"column":2},"end":{"line":29,"column":5}},"3":{"start":{"line":30,"column":2},"end":{"line":30,"column":26}}},"fnMap":{"0":{"name":"(anonymous_0)","decl":{"start":{"line":5,"column":17},"end":{"line":5,"column":18}},"loc":{"start":{"line":5,"column":43},"end":{"line":31,"column":1}},"line":5},"1":{"name":"(anonymous_1)","decl":{"start":{"line":12,"column":4},"end":{"line":12,"column":5}},"loc":{"start":{"line":12,"column":29},"end":{"line":14,"column":5}},"line":12}},"branchMap":{},"s":{"0":2,"1":2,"2":2,"3":2},"f":{"0":2,"1":2},"b":{},"_coverageSchema":"1a1c01bbd47fc00a2c39e90264f33305004495a9","hash":"bd86a515307ada3530d8ea99674f99ea737f8b1f"}
,"/home/alex/code/AMod3-Node/AMod3-ProyectoFinal/src/models/contentgenres.js": {"path":"/home/alex/code/AMod3-Node/AMod3-ProyectoFinal/src/models/contentgenres.js","statementMap":{"0":{"start":{"line":4,"column":4},"end":{"line":4,"column":24}},"1":{"start":{"line":5,"column":0},"end":{"line":31,"column":2}},"2":{"start":{"line":16,"column":2},"end":{"line":29,"column":5}},"3":{"start":{"line":30,"column":2},"end":{"line":30,"column":23}}},"fnMap":{"0":{"name":"(anonymous_0)","decl":{"start":{"line":5,"column":17},"end":{"line":5,"column":18}},"loc":{"start":{"line":5,"column":43},"end":{"line":31,"column":1}},"line":5},"1":{"name":"(anonymous_1)","decl":{"start":{"line":12,"column":4},"end":{"line":12,"column":5}},"loc":{"start":{"line":12,"column":29},"end":{"line":14,"column":5}},"line":12}},"branchMap":{},"s":{"0":2,"1":2,"2":2,"3":2},"f":{"0":2,"1":2},"b":{},"_coverageSchema":"1a1c01bbd47fc00a2c39e90264f33305004495a9","hash":"e1401cc6f4b1c5de149bbcb75d0d84b3f2e675d9"}
,"/home/alex/code/AMod3-Node/AMod3-ProyectoFinal/src/models/contents.js": {"path":"/home/alex/code/AMod3-Node/AMod3-ProyectoFinal/src/models/contents.js","statementMap":{"0":{"start":{"line":4,"column":4},"end":{"line":4,"column":24}},"1":{"start":{"line":5,"column":0},"end":{"line":61,"column":2}},"2":{"start":{"line":14,"column":6},"end":{"line":16,"column":9}},"3":{"start":{"line":17,"column":6},"end":{"line":19,"column":9}},"4":{"start":{"line":21,"column":6},"end":{"line":23,"column":9}},"5":{"start":{"line":25,"column":6},"end":{"line":28,"column":9}},"6":{"start":{"line":30,"column":6},"end":{"line":33,"column":9}},"7":{"start":{"line":35,"column":6},"end":{"line":38,"column":9}},"8":{"start":{"line":41,"column":2},"end":{"line":59,"column":5}},"9":{"start":{"line":60,"column":2},"end":{"line":60,"column":18}}},"fnMap":{"0":{"name":"(anonymous_0)","decl":{"start":{"line":5,"column":17},"end":{"line":5,"column":18}},"loc":{"start":{"line":5,"column":43},"end":{"line":61,"column":1}},"line":5},"1":{"name":"(anonymous_1)","decl":{"start":{"line":12,"column":4},"end":{"line":12,"column":5}},"loc":{"start":{"line":12,"column":29},"end":{"line":39,"column":5}},"line":12}},"branchMap":{},"s":{"0":2,"1":2,"2":2,"3":2,"4":2,"5":2,"6":2,"7":2,"8":2,"9":2},"f":{"0":2,"1":2},"b":{},"_coverageSchema":"1a1c01bbd47fc00a2c39e90264f33305004495a9","hash":"f6b54dec3e5c7503be2849b600899b76ef379bb7"}
,"/home/alex/code/AMod3-Node/AMod3-ProyectoFinal/src/models/directors.js": {"path":"/home/alex/code/AMod3-Node/AMod3-ProyectoFinal/src/models/directors.js","statementMap":{"0":{"start":{"line":4,"column":4},"end":{"line":4,"column":24}},"1":{"start":{"line":5,"column":0},"end":{"line":27,"column":2}},"2":{"start":{"line":14,"column":6},"end":{"line":17,"column":9}},"3":{"start":{"line":20,"column":2},"end":{"line":25,"column":5}},"4":{"start":{"line":26,"column":2},"end":{"line":26,"column":19}}},"fnMap":{"0":{"name":"(anonymous_0)","decl":{"start":{"line":5,"column":17},"end":{"line":5,"column":18}},"loc":{"start":{"line":5,"column":43},"end":{"line":27,"column":1}},"line":5},"1":{"name":"(anonymous_1)","decl":{"start":{"line":12,"column":4},"end":{"line":12,"column":5}},"loc":{"start":{"line":12,"column":29},"end":{"line":18,"column":5}},"line":12}},"branchMap":{},"s":{"0":2,"1":2,"2":2,"3":2,"4":2},"f":{"0":2,"1":2},"b":{},"_coverageSchema":"1a1c01bbd47fc00a2c39e90264f33305004495a9","hash":"7216e86d80b65c49f6f62b2560473a75d7b5a21d"}
,"/home/alex/code/AMod3-Node/AMod3-ProyectoFinal/src/models/episode_list.js": {"path":"/home/alex/code/AMod3-Node/AMod3-ProyectoFinal/src/models/episode_list.js","statementMap":{"0":{"start":{"line":4,"column":4},"end":{"line":4,"column":24}},"1":{"start":{"line":5,"column":0},"end":{"line":34,"column":2}},"2":{"start":{"line":14,"column":6},"end":{"line":16,"column":9}},"3":{"start":{"line":19,"column":2},"end":{"line":32,"column":5}},"4":{"start":{"line":33,"column":2},"end":{"line":33,"column":22}}},"fnMap":{"0":{"name":"(anonymous_0)","decl":{"start":{"line":5,"column":17},"end":{"line":5,"column":18}},"loc":{"start":{"line":5,"column":43},"end":{"line":34,"column":1}},"line":5},"1":{"name":"(anonymous_1)","decl":{"start":{"line":12,"column":4},"end":{"line":12,"column":5}},"loc":{"start":{"line":12,"column":29},"end":{"line":17,"column":5}},"line":12}},"branchMap":{},"s":{"0":2,"1":2,"2":2,"3":2,"4":2},"f":{"0":2,"1":2},"b":{},"_coverageSchema":"1a1c01bbd47fc00a2c39e90264f33305004495a9","hash":"b402d87b1d269c73ec98f87ce0effc96c241e327"}
,"/home/alex/code/AMod3-Node/AMod3-ProyectoFinal/src/models/genres.js": {"path":"/home/alex/code/AMod3-Node/AMod3-ProyectoFinal/src/models/genres.js","statementMap":{"0":{"start":{"line":4,"column":4},"end":{"line":4,"column":24}},"1":{"start":{"line":5,"column":0},"end":{"line":27,"column":2}},"2":{"start":{"line":14,"column":6},"end":{"line":17,"column":9}},"3":{"start":{"line":20,"column":2},"end":{"line":25,"column":5}},"4":{"start":{"line":26,"column":2},"end":{"line":26,"column":16}}},"fnMap":{"0":{"name":"(anonymous_0)","decl":{"start":{"line":5,"column":17},"end":{"line":5,"column":18}},"loc":{"start":{"line":5,"column":43},"end":{"line":27,"column":1}},"line":5},"1":{"name":"(anonymous_1)","decl":{"start":{"line":12,"column":4},"end":{"line":12,"column":5}},"loc":{"start":{"line":12,"column":29},"end":{"line":18,"column":5}},"line":12}},"branchMap":{},"s":{"0":2,"1":2,"2":2,"3":2,"4":2},"f":{"0":2,"1":2},"b":{},"_coverageSchema":"1a1c01bbd47fc00a2c39e90264f33305004495a9","hash":"ac5ea4e142e8e30a93a59d342d7a0780bc0aae99"}
,"/home/alex/code/AMod3-Node/AMod3-ProyectoFinal/src/models/index.js": {"path":"/home/alex/code/AMod3-Node/AMod3-ProyectoFinal/src/models/index.js","statementMap":{"0":{"start":{"line":3,"column":11},"end":{"line":3,"column":24}},"1":{"start":{"line":4,"column":13},"end":{"line":4,"column":28}},"2":{"start":{"line":5,"column":18},"end":{"line":5,"column":38}},"3":{"start":{"line":6,"column":17},"end":{"line":6,"column":42}},"4":{"start":{"line":7,"column":12},"end":{"line":7,"column":49}},"5":{"start":{"line":8,"column":15},"end":{"line":8,"column":63}},"6":{"start":{"line":9,"column":11},"end":{"line":9,"column":13}},"7":{"start":{"line":12,"column":0},"end":{"line":16,"column":1}},"8":{"start":{"line":13,"column":2},"end":{"line":13,"column":74}},"9":{"start":{"line":15,"column":2},"end":{"line":15,"column":87}},"10":{"start":{"line":18,"column":0},"end":{"line":26,"column":5}},"11":{"start":{"line":21,"column":4},"end":{"line":21,"column":90}},"12":{"start":{"line":24,"column":18},"end":{"line":24,"column":85}},"13":{"start":{"line":25,"column":4},"end":{"line":25,"column":27}},"14":{"start":{"line":28,"column":0},"end":{"line":32,"column":3}},"15":{"start":{"line":29,"column":2},"end":{"line":31,"column":3}},"16":{"start":{"line":30,"column":4},"end":{"line":30,"column":32}},"17":{"start":{"line":34,"column":0},"end":{"line":34,"column":25}},"18":{"start":{"line":35,"column":0},"end":{"line":35,"column":25}},"19":{"start":{"line":37,"column":0},"end":{"line":37,"column":20}}},"fnMap":{"0":{"name":"(anonymous_0)","decl":{"start":{"line":20,"column":10},"end":{"line":20,"column":11}},"loc":{"start":{"line":20,"column":18},"end":{"line":22,"column":3}},"line":20},"1":{"name":"(anonymous_1)","decl":{"start":{"line":23,"column":11},"end":{"line":23,"column":12}},"loc":{"start":{"line":23,"column":19},"end":{"line":26,"column":3}},"line":23},"2":{"name":"(anonymous_2)","decl":{"start":{"line":28,"column":24},"end":{"line":28,"column":25}},"loc":{"start":{"line":28,"column":37},"end":{"line":32,"column":1}},"line":28}},"branchMap":{"0":{"loc":{"start":{"line":7,"column":12},"end":{"line":7,"column":49}},"type":"binary-expr","locations":[{"start":{"line":7,"column":12},"end":{"line":7,"column":32}},{"start":{"line":7,"column":36},"end":{"line":7,"column":49}}],"line":7},"1":{"loc":{"start":{"line":12,"column":0},"end":{"line":16,"column":1}},"type":"if","locations":[{"start":{"line":12,"column":0},"end":{"line":16,"column":1}},{"start":{"line":12,"column":0},"end":{"line":16,"column":1}}],"line":12},"2":{"loc":{"start":{"line":21,"column":11},"end":{"line":21,"column":89}},"type":"binary-expr","locations":[{"start":{"line":21,"column":12},"end":{"line":21,"column":35}},{"start":{"line":21,"column":41},"end":{"line":21,"column":58}},{"start":{"line":21,"column":64},"end":{"line":21,"column":88}}],"line":21},"3":{"loc":{"start":{"line":29,"column":2},"end":{"line":31,"column":3}},"type":"if","locations":[{"start":{"line":29,"column":2},"end":{"line":31,"column":3}},{"start":{"line":29,"column":2},"end":{"line":31,"column":3}}],"line":29}},"s":{"0":2,"1":2,"2":2,"3":2,"4":2,"5":2,"6":2,"7":2,"8":0,"9":2,"10":2,"11":32,"12":30,"13":30,"14":2,"15":30,"16":30,"17":2,"18":2,"19":2},"f":{"0":32,"1":30,"2":30},"b":{"0":[2,0],"1":[0,2],"2":[32,32,30],"3":[30,0]},"_coverageSchema":"1a1c01bbd47fc00a2c39e90264f33305004495a9","hash":"dfc512d6f1f9f74a2a91ad138fa0a998c45459f9"}
,"/home/alex/code/AMod3-Node/AMod3-ProyectoFinal/src/models/languages.js": {"path":"/home/alex/code/AMod3-Node/AMod3-ProyectoFinal/src/models/languages.js","statementMap":{"0":{"start":{"line":4,"column":4},"end":{"line":4,"column":24}},"1":{"start":{"line":5,"column":0},"end":{"line":23,"column":2}},"2":{"start":{"line":16,"column":2},"end":{"line":21,"column":5}},"3":{"start":{"line":22,"column":2},"end":{"line":22,"column":19}}},"fnMap":{"0":{"name":"(anonymous_0)","decl":{"start":{"line":5,"column":17},"end":{"line":5,"column":18}},"loc":{"start":{"line":5,"column":43},"end":{"line":23,"column":1}},"line":5},"1":{"name":"(anonymous_1)","decl":{"start":{"line":12,"column":4},"end":{"line":12,"column":5}},"loc":{"start":{"line":12,"column":29},"end":{"line":14,"column":5}},"line":12}},"branchMap":{},"s":{"0":2,"1":2,"2":2,"3":2},"f":{"0":2,"1":2},"b":{},"_coverageSchema":"1a1c01bbd47fc00a2c39e90264f33305004495a9","hash":"32a03a500f83faa9cca9cd205ea54147d43f98ed"}
,"/home/alex/code/AMod3-Node/AMod3-ProyectoFinal/src/models/resettokens.js": {"path":"/home/alex/code/AMod3-Node/AMod3-ProyectoFinal/src/models/resettokens.js","statementMap":{"0":{"start":{"line":4,"column":4},"end":{"line":4,"column":24}},"1":{"start":{"line":5,"column":0},"end":{"line":26,"column":2}},"2":{"start":{"line":16,"column":2},"end":{"line":24,"column":5}},"3":{"start":{"line":25,"column":2},"end":{"line":25,"column":21}}},"fnMap":{"0":{"name":"(anonymous_0)","decl":{"start":{"line":5,"column":17},"end":{"line":5,"column":18}},"loc":{"start":{"line":5,"column":43},"end":{"line":26,"column":1}},"line":5},"1":{"name":"(anonymous_1)","decl":{"start":{"line":12,"column":4},"end":{"line":12,"column":5}},"loc":{"start":{"line":12,"column":29},"end":{"line":14,"column":5}},"line":12}},"branchMap":{},"s":{"0":2,"1":2,"2":2,"3":2},"f":{"0":2,"1":2},"b":{},"_coverageSchema":"1a1c01bbd47fc00a2c39e90264f33305004495a9","hash":"75a1a3b2a8c38f835d34813a90bcd40e8b5dd276"}
,"/home/alex/code/AMod3-Node/AMod3-ProyectoFinal/src/models/roles.js": {"path":"/home/alex/code/AMod3-Node/AMod3-ProyectoFinal/src/models/roles.js","statementMap":{"0":{"start":{"line":4,"column":4},"end":{"line":4,"column":24}},"1":{"start":{"line":5,"column":0},"end":{"line":27,"column":2}},"2":{"start":{"line":14,"column":6},"end":{"line":17,"column":9}},"3":{"start":{"line":20,"column":2},"end":{"line":25,"column":5}},"4":{"start":{"line":26,"column":2},"end":{"line":26,"column":15}}},"fnMap":{"0":{"name":"(anonymous_0)","decl":{"start":{"line":5,"column":17},"end":{"line":5,"column":18}},"loc":{"start":{"line":5,"column":43},"end":{"line":27,"column":1}},"line":5},"1":{"name":"(anonymous_1)","decl":{"start":{"line":12,"column":4},"end":{"line":12,"column":5}},"loc":{"start":{"line":12,"column":29},"end":{"line":18,"column":5}},"line":12}},"branchMap":{},"s":{"0":2,"1":2,"2":2,"3":2,"4":2},"f":{"0":2,"1":2},"b":{},"_coverageSchema":"1a1c01bbd47fc00a2c39e90264f33305004495a9","hash":"c08bf6764c9f26de72c4b81e8adad591c15e4f48"}
,"/home/alex/code/AMod3-Node/AMod3-ProyectoFinal/src/models/userroles.js": {"path":"/home/alex/code/AMod3-Node/AMod3-ProyectoFinal/src/models/userroles.js","statementMap":{"0":{"start":{"line":4,"column":4},"end":{"line":4,"column":24}},"1":{"start":{"line":5,"column":0},"end":{"line":30,"column":2}},"2":{"start":{"line":16,"column":2},"end":{"line":28,"column":5}},"3":{"start":{"line":29,"column":2},"end":{"line":29,"column":19}}},"fnMap":{"0":{"name":"(anonymous_0)","decl":{"start":{"line":5,"column":17},"end":{"line":5,"column":18}},"loc":{"start":{"line":5,"column":43},"end":{"line":30,"column":1}},"line":5},"1":{"name":"(anonymous_1)","decl":{"start":{"line":12,"column":4},"end":{"line":12,"column":5}},"loc":{"start":{"line":12,"column":29},"end":{"line":14,"column":5}},"line":12}},"branchMap":{},"s":{"0":2,"1":2,"2":2,"3":2},"f":{"0":2,"1":2},"b":{},"_coverageSchema":"1a1c01bbd47fc00a2c39e90264f33305004495a9","hash":"19db6eebda80c1f331f3cd074d6fcf3e4881a92f"}
,"/home/alex/code/AMod3-Node/AMod3-ProyectoFinal/src/models/users.js": {"path":"/home/alex/code/AMod3-Node/AMod3-ProyectoFinal/src/models/users.js","statementMap":{"0":{"start":{"line":4,"column":4},"end":{"line":4,"column":24}},"1":{"start":{"line":5,"column":0},"end":{"line":30,"column":2}},"2":{"start":{"line":14,"column":6},"end":{"line":17,"column":9}},"3":{"start":{"line":20,"column":2},"end":{"line":28,"column":5}},"4":{"start":{"line":29,"column":2},"end":{"line":29,"column":15}}},"fnMap":{"0":{"name":"(anonymous_0)","decl":{"start":{"line":5,"column":17},"end":{"line":5,"column":18}},"loc":{"start":{"line":5,"column":43},"end":{"line":30,"column":1}},"line":5},"1":{"name":"(anonymous_1)","decl":{"start":{"line":12,"column":4},"end":{"line":12,"column":5}},"loc":{"start":{"line":12,"column":29},"end":{"line":18,"column":5}},"line":12}},"branchMap":{},"s":{"0":2,"1":2,"2":2,"3":2,"4":2},"f":{"0":2,"1":2},"b":{},"_coverageSchema":"1a1c01bbd47fc00a2c39e90264f33305004495a9","hash":"80f2ceaa8043f1580af9fe6c57d9e2ad15b0974a"}
,"/home/alex/code/AMod3-Node/AMod3-ProyectoFinal/src/routes/actors.js": {"path":"/home/alex/code/AMod3-Node/AMod3-ProyectoFinal/src/routes/actors.js","statementMap":{"0":{"start":{"line":6,"column":15},"end":{"line":6,"column":31}},"1":{"start":{"line":10,"column":15},"end":{"line":10,"column":70}},"2":{"start":{"line":13,"column":0},"end":{"line":13,"column":56}},"3":{"start":{"line":16,"column":0},"end":{"line":16,"column":51}},"4":{"start":{"line":20,"column":0},"end":{"line":20,"column":58}},"5":{"start":{"line":23,"column":0},"end":{"line":23,"column":61}},"6":{"start":{"line":26,"column":0},"end":{"line":26,"column":65}},"7":{"start":{"line":30,"column":0},"end":{"line":30,"column":76}}},"fnMap":{},"branchMap":{},"s":{"0":2,"1":2,"2":2,"3":2,"4":2,"5":2,"6":2,"7":2},"f":{},"b":{},"_coverageSchema":"1a1c01bbd47fc00a2c39e90264f33305004495a9","hash":"cea3bbda7b5a830e09f97c212f09b6d60171153c"}
,"/home/alex/code/AMod3-Node/AMod3-ProyectoFinal/src/routes/auth.js": {"path":"/home/alex/code/AMod3-Node/AMod3-ProyectoFinal/src/routes/auth.js","statementMap":{"0":{"start":{"line":5,"column":15},"end":{"line":5,"column":31}},"1":{"start":{"line":10,"column":0},"end":{"line":10,"column":53}},"2":{"start":{"line":12,"column":0},"end":{"line":12,"column":52}},"3":{"start":{"line":15,"column":0},"end":{"line":15,"column":38}},"4":{"start":{"line":17,"column":0},"end":{"line":17,"column":85}}},"fnMap":{},"branchMap":{},"s":{"0":2,"1":2,"2":2,"3":2,"4":2},"f":{},"b":{},"_coverageSchema":"1a1c01bbd47fc00a2c39e90264f33305004495a9","hash":"1bda5bdf69b7b188f560ea210cfcdc986ab0924e"}
,"/home/alex/code/AMod3-Node/AMod3-ProyectoFinal/src/routes/contents.js": {"path":"/home/alex/code/AMod3-Node/AMod3-ProyectoFinal/src/routes/contents.js","statementMap":{"0":{"start":{"line":6,"column":15},"end":{"line":6,"column":31}},"1":{"start":{"line":10,"column":15},"end":{"line":10,"column":70}},"2":{"start":{"line":13,"column":0},"end":{"line":13,"column":73}},"3":{"start":{"line":15,"column":0},"end":{"line":15,"column":68}},"4":{"start":{"line":18,"column":0},"end":{"line":18,"column":75}},"5":{"start":{"line":20,"column":0},"end":{"line":20,"column":78}},"6":{"start":{"line":22,"column":0},"end":{"line":22,"column":82}},"7":{"start":{"line":25,"column":0},"end":{"line":25,"column":90}},"8":{"start":{"line":27,"column":0},"end":{"line":27,"column":96}},"9":{"start":{"line":29,"column":0},"end":{"line":29,"column":90}}},"fnMap":{},"branchMap":{},"s":{"0":2,"1":2,"2":2,"3":2,"4":2,"5":2,"6":2,"7":2,"8":2,"9":2},"f":{},"b":{},"_coverageSchema":"1a1c01bbd47fc00a2c39e90264f33305004495a9","hash":"9a1fe68cc479a273cc81271bf418bf25371fc20e"}
,"/home/alex/code/AMod3-Node/AMod3-ProyectoFinal/src/routes/directors.js": {"path":"/home/alex/code/AMod3-Node/AMod3-ProyectoFinal/src/routes/directors.js","statementMap":{"0":{"start":{"line":6,"column":15},"end":{"line":6,"column":31}},"1":{"start":{"line":8,"column":15},"end":{"line":8,"column":70}},"2":{"start":{"line":11,"column":0},"end":{"line":11,"column":75}},"3":{"start":{"line":13,"column":0},"end":{"line":13,"column":70}},"4":{"start":{"line":16,"column":0},"end":{"line":16,"column":77}},"5":{"start":{"line":18,"column":0},"end":{"line":18,"column":80}},"6":{"start":{"line":20,"column":0},"end":{"line":20,"column":84}},"7":{"start":{"line":23,"column":0},"end":{"line":23,"column":95}}},"fnMap":{},"branchMap":{},"s":{"0":2,"1":2,"2":2,"3":2,"4":2,"5":2,"6":2,"7":2},"f":{},"b":{},"_coverageSchema":"1a1c01bbd47fc00a2c39e90264f33305004495a9","hash":"814c9d9fa3eb7df9f8f4fe9aeeed5be2603fdfb3"}
,"/home/alex/code/AMod3-Node/AMod3-ProyectoFinal/src/routes/genres.js": {"path":"/home/alex/code/AMod3-Node/AMod3-ProyectoFinal/src/routes/genres.js","statementMap":{"0":{"start":{"line":6,"column":15},"end":{"line":6,"column":31}},"1":{"start":{"line":8,"column":15},"end":{"line":8,"column":70}},"2":{"start":{"line":11,"column":0},"end":{"line":11,"column":69}},"3":{"start":{"line":13,"column":0},"end":{"line":13,"column":64}},"4":{"start":{"line":16,"column":0},"end":{"line":16,"column":71}},"5":{"start":{"line":18,"column":0},"end":{"line":18,"column":74}},"6":{"start":{"line":20,"column":0},"end":{"line":20,"column":78}},"7":{"start":{"line":23,"column":0},"end":{"line":23,"column":89}}},"fnMap":{},"branchMap":{},"s":{"0":2,"1":2,"2":2,"3":2,"4":2,"5":2,"6":2,"7":2},"f":{},"b":{},"_coverageSchema":"1a1c01bbd47fc00a2c39e90264f33305004495a9","hash":"8491d5044002bb6d990f213826136cd837006b4c"}
,"/home/alex/code/AMod3-Node/AMod3-ProyectoFinal/src/routes/roles.js": {"path":"/home/alex/code/AMod3-Node/AMod3-ProyectoFinal/src/routes/roles.js","statementMap":{"0":{"start":{"line":6,"column":15},"end":{"line":6,"column":31}},"1":{"start":{"line":10,"column":15},"end":{"line":10,"column":70}},"2":{"start":{"line":13,"column":0},"end":{"line":13,"column":67}},"3":{"start":{"line":16,"column":0},"end":{"line":16,"column":60}}},"fnMap":{},"branchMap":{},"s":{"0":2,"1":2,"2":2,"3":2},"f":{},"b":{},"_coverageSchema":"1a1c01bbd47fc00a2c39e90264f33305004495a9","hash":"b0fb684bc4ca40fe7334eff28973f687984659d9"}
,"/home/alex/code/AMod3-Node/AMod3-ProyectoFinal/src/routes/users.js": {"path":"/home/alex/code/AMod3-Node/AMod3-ProyectoFinal/src/routes/users.js","statementMap":{"0":{"start":{"line":7,"column":15},"end":{"line":7,"column":31}},"1":{"start":{"line":11,"column":15},"end":{"line":11,"column":70}},"2":{"start":{"line":14,"column":0},"end":{"line":14,"column":56}},"3":{"start":{"line":16,"column":0},"end":{"line":16,"column":42}},"4":{"start":{"line":19,"column":0},"end":{"line":19,"column":64}},"5":{"start":{"line":22,"column":0},"end":{"line":22,"column":66}},"6":{"start":{"line":24,"column":0},"end":{"line":24,"column":82}},"7":{"start":{"line":27,"column":0},"end":{"line":27,"column":41}}},"fnMap":{},"branchMap":{},"s":{"0":2,"1":2,"2":2,"3":2,"4":2,"5":2,"6":2,"7":2},"f":{},"b":{},"_coverageSchema":"1a1c01bbd47fc00a2c39e90264f33305004495a9","hash":"8d7718bc558020aa4b2b0a5958afbd4f483aeadf"}
,"/home/alex/code/AMod3-Node/AMod3-ProyectoFinal/src/utils/nodemailer.js": {"path":"/home/alex/code/AMod3-Node/AMod3-ProyectoFinal/src/utils/nodemailer.js","statementMap":{"0":{"start":{"line":6,"column":23},"end":{"line":6,"column":51}},"1":{"start":{"line":7,"column":21},"end":{"line":7,"column":46}},"2":{"start":{"line":8,"column":27},"end":{"line":8,"column":59}},"3":{"start":{"line":9,"column":15},"end":{"line":9,"column":33}},"4":{"start":{"line":11,"column":21},"end":{"line":11,"column":110}},"5":{"start":{"line":13,"column":0},"end":{"line":15,"column":3}},"6":{"start":{"line":17,"column":20},"end":{"line":17,"column":49}},"7":{"start":{"line":19,"column":22},"end":{"line":32,"column":2}},"8":{"start":{"line":37,"column":18},"end":{"line":54,"column":1}},"9":{"start":{"line":39,"column":23},"end":{"line":45,"column":4}},"10":{"start":{"line":47,"column":3},"end":{"line":53,"column":6}},"11":{"start":{"line":48,"column":6},"end":{"line":52,"column":7}},"12":{"start":{"line":49,"column":9},"end":{"line":49,"column":28}},"13":{"start":{"line":51,"column":9},"end":{"line":51,"column":27}}},"fnMap":{"0":{"name":"(anonymous_0)","decl":{"start":{"line":37,"column":18},"end":{"line":37,"column":19}},"loc":{"start":{"line":37,"column":45},"end":{"line":54,"column":1}},"line":37},"1":{"name":"(anonymous_1)","decl":{"start":{"line":47,"column":39},"end":{"line":47,"column":40}},"loc":{"start":{"line":47,"column":56},"end":{"line":53,"column":4}},"line":47}},"branchMap":{"0":{"loc":{"start":{"line":48,"column":6},"end":{"line":52,"column":7}},"type":"if","locations":[{"start":{"line":48,"column":6},"end":{"line":52,"column":7}},{"start":{"line":48,"column":6},"end":{"line":52,"column":7}}],"line":48}},"s":{"0":2,"1":2,"2":2,"3":2,"4":2,"5":2,"6":2,"7":2,"8":2,"9":0,"10":0,"11":0,"12":0,"13":0},"f":{"0":0,"1":0},"b":{"0":[0,0]},"_coverageSchema":"1a1c01bbd47fc00a2c39e90264f33305004495a9","hash":"03c96d45245f1fa7a97e3e2e679f0d29a649e258"}
,"/home/alex/code/AMod3-Node/AMod3-ProyectoFinal/src/utils/spanish-joi-messages.js": {"path":"/home/alex/code/AMod3-Node/AMod3-ProyectoFinal/src/utils/spanish-joi-messages.js","statementMap":{},"fnMap":{},"branchMap":{},"s":{},"f":{},"b":{},"_coverageSchema":"1a1c01bbd47fc00a2c39e90264f33305004495a9","hash":"dafb099e37ec2c52fded81e81de78cbf0f4515b7"}
}
