TN:
SF:src/index.js
FN:38,(anonymous_0)
FNF:1
FNH:0
FNDA:0,(anonymous_0)
DA:17,2
DA:21,2
DA:22,2
DA:23,2
DA:24,2
DA:25,2
DA:29,2
DA:30,2
DA:31,2
DA:32,2
DA:33,2
DA:34,2
DA:35,2
DA:38,2
DA:39,0
DA:40,0
DA:42,0
LF:17
LH:14
BRF:0
BRH:0
end_of_record
TN:
SF:src/config/config.js
FNF:0
FNH:0
DA:1,2
DA:3,2
LF:2
LH:2
BRF:0
BRH:0
end_of_record
TN:
SF:src/controllers/actors.js
FN:6,(anonymous_0)
FN:25,(anonymous_1)
FN:40,(anonymous_2)
FN:56,(anonymous_3)
FN:77,(anonymous_4)
FN:83,(anonymous_5)
FN:87,(anonymous_6)
FN:104,(anonymous_7)
FNF:8
FNH:7
FNDA:1,(anonymous_0)
FNDA:1,(anonymous_1)
FNDA:1,(anonymous_2)
FNDA:1,(anonymous_3)
FNDA:1,(anonymous_4)
FNDA:1,(anonymous_5)
FNDA:0,(anonymous_6)
FNDA:1,(anonymous_7)
DA:6,2
DA:7,1
DA:8,1
DA:9,1
DA:10,1
DA:15,0
DA:16,0
DA:25,2
DA:26,1
DA:27,1
DA:28,1
DA:30,0
DA:31,0
DA:40,2
DA:41,1
DA:42,1
DA:43,1
DA:44,1
DA:46,0
DA:47,0
DA:56,2
DA:57,1
DA:58,1
DA:59,1
DA:60,1
DA:61,1
DA:62,1
DA:67,0
DA:68,0
DA:77,2
DA:78,1
DA:79,1
DA:80,1
DA:81,1
DA:84,1
DA:88,0
DA:89,0
DA:94,0
DA:95,0
DA:104,2
DA:105,1
DA:106,1
DA:107,1
DA:116,1
DA:118,0
DA:119,0
LF:46
LH:32
BRF:0
BRH:0
end_of_record
TN:
SF:src/controllers/auth.js
FN:12,(anonymous_0)
FN:39,(anonymous_1)
FN:67,(anonymous_2)
FN:111,(anonymous_3)
FNF:4
FNH:2
FNDA:2,(anonymous_0)
FNDA:1,(anonymous_1)
FNDA:0,(anonymous_2)
FNDA:0,(anonymous_3)
DA:12,2
DA:13,2
DA:14,2
DA:15,2
DA:16,2
DA:17,2
DA:18,1
DA:19,1
DA:20,1
DA:25,1
DA:30,0
DA:39,2
DA:40,1
DA:41,1
DA:42,1
DA:43,1
DA:45,1
DA:46,1
DA:47,1
DA:53,0
DA:58,0
DA:67,2
DA:68,0
DA:69,0
DA:71,0
DA:72,0
DA:74,0
DA:76,0
DA:78,0
DA:80,0
DA:85,0
DA:87,0
DA:88,0
DA:92,0
DA:97,0
DA:102,0
DA:111,2
DA:112,0
DA:113,0
DA:114,0
DA:115,0
DA:117,0
DA:120,0
DA:123,0
DA:125,0
DA:127,0
DA:129,0
DA:131,0
DA:132,0
DA:136,0
DA:140,0
DA:145,0
LF:52
LH:20
BRDA:17,0,0,1
BRDA:17,0,1,1
BRDA:45,1,0,1
BRDA:45,1,1,0
BRDA:72,2,0,0
BRDA:72,2,1,0
BRDA:76,3,0,0
BRDA:76,3,1,0
BRDA:120,4,0,0
BRDA:120,4,1,0
BRDA:125,5,0,0
BRDA:125,5,1,0
BRDA:125,6,0,0
BRDA:125,6,1,0
BRF:14
BRH:3
end_of_record
TN:
SF:src/controllers/contents.js
FN:6,(anonymous_0)
FN:24,(anonymous_1)
FN:39,(anonymous_2)
FN:55,(anonymous_3)
FN:75,(anonymous_4)
FN:81,(anonymous_5)
FN:85,(anonymous_6)
FN:102,(anonymous_7)
FN:126,(anonymous_8)
FN:150,(anonymous_9)
FNF:10
FNH:0
FNDA:0,(anonymous_0)
FNDA:0,(anonymous_1)
FNDA:0,(anonymous_2)
FNDA:0,(anonymous_3)
FNDA:0,(anonymous_4)
FNDA:0,(anonymous_5)
FNDA:0,(anonymous_6)
FNDA:0,(anonymous_7)
FNDA:0,(anonymous_8)
FNDA:0,(anonymous_9)
DA:6,2
DA:7,0
DA:8,0
DA:9,0
DA:14,0
DA:15,0
DA:24,2
DA:25,0
DA:26,0
DA:27,0
DA:29,0
DA:30,0
DA:39,2
DA:40,0
DA:41,0
DA:42,0
DA:43,0
DA:45,0
DA:46,0
DA:55,2
DA:56,0
DA:57,0
DA:58,0
DA:59,0
DA:60,0
DA:65,0
DA:66,0
DA:75,2
DA:76,0
DA:77,0
DA:78,0
DA:79,0
DA:82,0
DA:86,0
DA:87,0
DA:92,0
DA:93,0
DA:102,2
DA:103,0
DA:104,0
DA:105,0
DA:114,0
DA:116,0
DA:117,0
DA:126,2
DA:127,0
DA:128,0
DA:129,0
DA:138,0
DA:140,0
DA:141,0
DA:150,2
DA:151,0
DA:152,0
DA:153,0
DA:162,0
DA:164,0
DA:165,0
LF:58
LH:8
BRF:0
BRH:0
end_of_record
TN:
SF:src/controllers/directors.js
FN:4,(anonymous_0)
FN:21,(anonymous_1)
FN:34,(anonymous_2)
FN:48,(anonymous_3)
FN:67,(anonymous_4)
FN:73,(anonymous_5)
FN:77,(anonymous_6)
FN:92,(anonymous_7)
FNF:8
FNH:0
FNDA:0,(anonymous_0)
FNDA:0,(anonymous_1)
FNDA:0,(anonymous_2)
FNDA:0,(anonymous_3)
FNDA:0,(anonymous_4)
FNDA:0,(anonymous_5)
FNDA:0,(anonymous_6)
FNDA:0,(anonymous_7)
DA:4,2
DA:5,0
DA:6,0
DA:7,0
DA:8,0
DA:13,0
DA:14,0
DA:21,2
DA:22,0
DA:23,0
DA:24,0
DA:26,0
DA:27,0
DA:34,2
DA:35,0
DA:36,0
DA:37,0
DA:38,0
DA:40,0
DA:41,0
DA:48,2
DA:49,0
DA:50,0
DA:51,0
DA:52,0
DA:53,0
DA:54,0
DA:59,0
DA:60,0
DA:67,2
DA:68,0
DA:69,0
DA:70,0
DA:71,0
DA:74,0
DA:78,0
DA:79,0
DA:84,0
DA:85,0
DA:92,2
DA:93,0
DA:94,0
DA:95,0
DA:104,0
DA:106,0
DA:107,0
LF:46
LH:6
BRF:0
BRH:0
end_of_record
TN:
SF:src/controllers/genres.js
FN:4,(anonymous_0)
FN:21,(anonymous_1)
FN:34,(anonymous_2)
FN:48,(anonymous_3)
FN:67,(anonymous_4)
FN:73,(anonymous_5)
FN:77,(anonymous_6)
FN:92,(anonymous_7)
FNF:8
FNH:0
FNDA:0,(anonymous_0)
FNDA:0,(anonymous_1)
FNDA:0,(anonymous_2)
FNDA:0,(anonymous_3)
FNDA:0,(anonymous_4)
FNDA:0,(anonymous_5)
FNDA:0,(anonymous_6)
FNDA:0,(anonymous_7)
DA:4,2
DA:5,0
DA:6,0
DA:7,0
DA:8,0
DA:13,0
DA:14,0
DA:21,2
DA:22,0
DA:23,0
DA:24,0
DA:26,0
DA:27,0
DA:34,2
DA:35,0
DA:36,0
DA:37,0
DA:38,0
DA:40,0
DA:41,0
DA:48,2
DA:49,0
DA:50,0
DA:51,0
DA:52,0
DA:53,0
DA:54,0
DA:59,0
DA:60,0
DA:67,2
DA:68,0
DA:69,0
DA:70,0
DA:71,0
DA:74,0
DA:78,0
DA:79,0
DA:84,0
DA:85,0
DA:92,2
DA:93,0
DA:94,0
DA:95,0
DA:104,0
DA:106,0
DA:107,0
LF:46
LH:6
BRF:0
BRH:0
end_of_record
TN:
SF:src/controllers/roles.js
FN:6,(anonymous_0)
FN:24,(anonymous_1)
FNF:2
FNH:0
FNDA:0,(anonymous_0)
FNDA:0,(anonymous_1)
DA:6,2
DA:7,0
DA:8,0
DA:9,0
DA:10,0
DA:15,0
DA:24,2
DA:25,0
DA:26,0
DA:27,0
DA:28,0
DA:29,0
DA:30,0
DA:31,0
DA:32,0
DA:37,0
DA:42,0
LF:17
LH:2
BRDA:29,0,0,0
BRDA:29,0,1,0
BRF:2
BRH:0
end_of_record
TN:
SF:src/controllers/users.js
FN:8,(anonymous_0)
FN:35,(anonymous_1)
FN:47,(anonymous_2)
FN:68,(anonymous_3)
FN:97,(anonymous_4)
FN:136,(anonymous_5)
FNF:6
FNH:0
FNDA:0,(anonymous_0)
FNDA:0,(anonymous_1)
FNDA:0,(anonymous_2)
FNDA:0,(anonymous_3)
FNDA:0,(anonymous_4)
FNDA:0,(anonymous_5)
DA:8,2
DA:9,0
DA:10,0
DA:11,0
DA:12,0
DA:13,0
DA:14,0
DA:15,0
DA:16,0
DA:21,0
DA:26,0
DA:35,2
DA:36,0
DA:37,0
DA:38,0
DA:40,0
DA:47,2
DA:48,0
DA:49,0
DA:50,0
DA:51,0
DA:52,0
DA:53,0
DA:59,0
DA:68,2
DA:69,0
DA:70,0
DA:72,0
DA:73,0
DA:75,0
DA:77,0
DA:78,0
DA:83,0
DA:88,0
DA:97,2
DA:98,0
DA:99,0
DA:100,0
DA:102,0
DA:106,0
DA:108,0
DA:110,0
DA:112,0
DA:113,0
DA:117,0
DA:122,0
DA:127,0
DA:136,2
DA:137,0
DA:138,0
DA:151,0
DA:153,0
LF:52
LH:6
BRDA:13,0,0,0
BRDA:13,0,1,0
BRDA:75,1,0,0
BRDA:75,1,1,0
BRDA:75,2,0,0
BRDA:75,2,1,0
BRDA:106,3,0,0
BRDA:106,3,1,0
BRDA:110,4,0,0
BRDA:110,4,1,0
BRF:10
BRH:0
end_of_record
TN:
SF:src/middlewares/jwt.js
FN:5,(anonymous_0)
FNF:1
FNH:1
FNDA:2,(anonymous_0)
DA:5,2
DA:7,2
DA:13,2
DA:14,2
LF:4
LH:4
BRF:0
BRH:0
end_of_record
TN:
SF:src/middlewares/roleAuth.js
FN:4,(anonymous_0)
FN:18,(anonymous_1)
FN:19,(anonymous_2)
FN:40,(anonymous_3)
FN:41,(anonymous_4)
FN:62,(anonymous_5)
FN:63,(anonymous_6)
FNF:7
FNH:7
FNDA:6,(anonymous_0)
FNDA:10,(anonymous_1)
FNDA:1,(anonymous_2)
FNDA:16,(anonymous_3)
FNDA:2,(anonymous_4)
FNDA:28,(anonymous_5)
FNDA:3,(anonymous_6)
DA:4,2
DA:5,6
DA:6,6
DA:10,6
DA:11,6
DA:13,0
DA:18,2
DA:19,10
DA:20,1
DA:21,1
DA:22,1
DA:23,1
DA:24,1
DA:26,0
DA:31,0
DA:32,0
DA:40,2
DA:41,16
DA:42,2
DA:43,2
DA:44,2
DA:45,2
DA:46,2
DA:48,0
DA:53,0
DA:54,0
DA:62,2
DA:63,28
DA:64,3
DA:65,3
DA:66,3
DA:67,3
DA:68,3
DA:70,0
DA:75,0
DA:76,0
LF:36
LH:26
BRDA:23,0,0,1
BRDA:23,0,1,0
BRDA:45,1,0,2
BRDA:45,1,1,0
BRDA:45,2,0,2
BRDA:45,2,1,0
BRDA:67,3,0,3
BRDA:67,3,1,0
BRDA:67,4,0,3
BRDA:67,4,1,1
BRDA:67,4,2,1
BRF:11
BRH:7
end_of_record
TN:
SF:src/middlewares/validators.js
FN:6,(anonymous_0)
FN:7,(anonymous_1)
FNF:2
FNH:2
FNDA:16,(anonymous_0)
FNDA:3,(anonymous_1)
DA:6,2
DA:7,16
DA:8,3
DA:9,3
DA:10,3
DA:12,0
DA:13,0
DA:23,2
DA:28,2
DA:36,2
DA:40,2
DA:47,2
DA:54,2
LF:13
LH:11
BRF:0
BRH:0
end_of_record
TN:
SF:src/models/actors.js
FN:5,(anonymous_0)
FN:12,(anonymous_1)
FNF:2
FNH:2
FNDA:2,(anonymous_0)
FNDA:2,(anonymous_1)
DA:4,2
DA:5,2
DA:14,2
DA:20,2
DA:26,2
LF:5
LH:5
BRF:0
BRH:0
end_of_record
TN:
SF:src/models/content_ratings.js
FN:5,(anonymous_0)
FN:12,(anonymous_1)
FNF:2
FNH:2
FNDA:2,(anonymous_0)
FNDA:2,(anonymous_1)
DA:4,2
DA:5,2
DA:14,2
DA:18,2
DA:23,2
DA:31,2
LF:6
LH:6
BRF:0
BRH:0
end_of_record
TN:
SF:src/models/content_types.js
FN:5,(anonymous_0)
FN:12,(anonymous_1)
FNF:2
FNH:2
FNDA:2,(anonymous_0)
FNDA:2,(anonymous_1)
DA:4,2
DA:5,2
DA:14,2
DA:18,2
DA:23,2
DA:29,2
LF:6
LH:6
BRF:0
BRH:0
end_of_record
TN:
SF:src/models/contentactors.js
FN:5,(anonymous_0)
FN:12,(anonymous_1)
FNF:2
FNH:2
FNDA:2,(anonymous_0)
FNDA:2,(anonymous_1)
DA:4,2
DA:5,2
DA:16,2
DA:30,2
LF:4
LH:4
BRF:0
BRH:0
end_of_record
TN:
SF:src/models/contentdirectors.js
FN:5,(anonymous_0)
FN:12,(anonymous_1)
FNF:2
FNH:2
FNDA:2,(anonymous_0)
FNDA:2,(anonymous_1)
DA:4,2
DA:5,2
DA:16,2
DA:30,2
LF:4
LH:4
BRF:0
BRH:0
end_of_record
TN:
SF:src/models/contentgenres.js
FN:5,(anonymous_0)
FN:12,(anonymous_1)
FNF:2
FNH:2
FNDA:2,(anonymous_0)
FNDA:2,(anonymous_1)
DA:4,2
DA:5,2
DA:16,2
DA:30,2
LF:4
LH:4
BRF:0
BRH:0
end_of_record
TN:
SF:src/models/contents.js
FN:5,(anonymous_0)
FN:12,(anonymous_1)
FNF:2
FNH:2
FNDA:2,(anonymous_0)
FNDA:2,(anonymous_1)
DA:4,2
DA:5,2
DA:14,2
DA:17,2
DA:21,2
DA:25,2
DA:30,2
DA:35,2
DA:41,2
DA:60,2
LF:10
LH:10
BRF:0
BRH:0
end_of_record
TN:
SF:src/models/directors.js
FN:5,(anonymous_0)
FN:12,(anonymous_1)
FNF:2
FNH:2
FNDA:2,(anonymous_0)
FNDA:2,(anonymous_1)
DA:4,2
DA:5,2
DA:14,2
DA:20,2
DA:26,2
LF:5
LH:5
BRF:0
BRH:0
end_of_record
TN:
SF:src/models/episode_list.js
FN:5,(anonymous_0)
FN:12,(anonymous_1)
FNF:2
FNH:2
FNDA:2,(anonymous_0)
FNDA:2,(anonymous_1)
DA:4,2
DA:5,2
DA:14,2
DA:19,2
DA:33,2
LF:5
LH:5
BRF:0
BRH:0
end_of_record
TN:
SF:src/models/genres.js
FN:5,(anonymous_0)
FN:12,(anonymous_1)
FNF:2
FNH:2
FNDA:2,(anonymous_0)
FNDA:2,(anonymous_1)
DA:4,2
DA:5,2
DA:14,2
DA:20,2
DA:26,2
LF:5
LH:5
BRF:0
BRH:0
end_of_record
TN:
SF:src/models/index.js
FN:20,(anonymous_0)
FN:23,(anonymous_1)
FN:28,(anonymous_2)
FNF:3
FNH:3
FNDA:32,(anonymous_0)
FNDA:30,(anonymous_1)
FNDA:30,(anonymous_2)
DA:3,2
DA:4,2
DA:5,2
DA:6,2
DA:7,2
DA:8,2
DA:9,2
DA:12,2
DA:13,0
DA:15,2
DA:18,2
DA:21,32
DA:24,30
DA:25,30
DA:28,2
DA:29,30
DA:30,30
DA:34,2
DA:35,2
DA:37,2
LF:20
LH:19
BRDA:7,0,0,2
BRDA:7,0,1,0
BRDA:12,1,0,0
BRDA:12,1,1,2
BRDA:21,2,0,32
BRDA:21,2,1,32
BRDA:21,2,2,30
BRDA:29,3,0,30
BRDA:29,3,1,0
BRF:9
BRH:6
end_of_record
TN:
SF:src/models/languages.js
FN:5,(anonymous_0)
FN:12,(anonymous_1)
FNF:2
FNH:2
FNDA:2,(anonymous_0)
FNDA:2,(anonymous_1)
DA:4,2
DA:5,2
DA:16,2
DA:22,2
LF:4
LH:4
BRF:0
BRH:0
end_of_record
TN:
SF:src/models/resettokens.js
FN:5,(anonymous_0)
FN:12,(anonymous_1)
FNF:2
FNH:2
FNDA:2,(anonymous_0)
FNDA:2,(anonymous_1)
DA:4,2
DA:5,2
DA:16,2
DA:25,2
LF:4
LH:4
BRF:0
BRH:0
end_of_record
TN:
SF:src/models/roles.js
FN:5,(anonymous_0)
FN:12,(anonymous_1)
FNF:2
FNH:2
FNDA:2,(anonymous_0)
FNDA:2,(anonymous_1)
DA:4,2
DA:5,2
DA:14,2
DA:20,2
DA:26,2
LF:5
LH:5
BRF:0
BRH:0
end_of_record
TN:
SF:src/models/userroles.js
FN:5,(anonymous_0)
FN:12,(anonymous_1)
FNF:2
FNH:2
FNDA:2,(anonymous_0)
FNDA:2,(anonymous_1)
DA:4,2
DA:5,2
DA:16,2
DA:29,2
LF:4
LH:4
BRF:0
BRH:0
end_of_record
TN:
SF:src/models/users.js
FN:5,(anonymous_0)
FN:12,(anonymous_1)
FNF:2
FNH:2
FNDA:2,(anonymous_0)
FNDA:2,(anonymous_1)
DA:4,2
DA:5,2
DA:14,2
DA:20,2
DA:29,2
LF:5
LH:5
BRF:0
BRH:0
end_of_record
TN:
SF:src/routes/actors.js
FNF:0
FNH:0
DA:6,2
DA:10,2
DA:13,2
DA:16,2
DA:20,2
DA:23,2
DA:26,2
DA:30,2
LF:8
LH:8
BRF:0
BRH:0
end_of_record
TN:
SF:src/routes/auth.js
FNF:0
FNH:0
DA:5,2
DA:10,2
DA:12,2
DA:15,2
DA:17,2
LF:5
LH:5
BRF:0
BRH:0
end_of_record
TN:
SF:src/routes/contents.js
FNF:0
FNH:0
DA:6,2
DA:10,2
DA:13,2
DA:15,2
DA:18,2
DA:20,2
DA:22,2
DA:25,2
DA:27,2
DA:29,2
LF:10
LH:10
BRF:0
BRH:0
end_of_record
TN:
SF:src/routes/directors.js
FNF:0
FNH:0
DA:6,2
DA:8,2
DA:11,2
DA:13,2
DA:16,2
DA:18,2
DA:20,2
DA:23,2
LF:8
LH:8
BRF:0
BRH:0
end_of_record
TN:
SF:src/routes/genres.js
FNF:0
FNH:0
DA:6,2
DA:8,2
DA:11,2
DA:13,2
DA:16,2
DA:18,2
DA:20,2
DA:23,2
LF:8
LH:8
BRF:0
BRH:0
end_of_record
TN:
SF:src/routes/roles.js
FNF:0
FNH:0
DA:6,2
DA:10,2
DA:13,2
DA:16,2
LF:4
LH:4
BRF:0
BRH:0
end_of_record
TN:
SF:src/routes/users.js
FNF:0
FNH:0
DA:7,2
DA:11,2
DA:14,2
DA:16,2
DA:19,2
DA:22,2
DA:24,2
DA:27,2
LF:8
LH:8
BRF:0
BRH:0
end_of_record
TN:
SF:src/utils/nodemailer.js
FN:37,(anonymous_0)
FN:47,(anonymous_1)
FNF:2
FNH:0
FNDA:0,(anonymous_0)
FNDA:0,(anonymous_1)
DA:6,2
DA:7,2
DA:8,2
DA:9,2
DA:11,2
DA:13,2
DA:17,2
DA:19,2
DA:37,2
DA:39,0
DA:47,0
DA:48,0
DA:49,0
DA:51,0
LF:14
LH:9
BRDA:48,0,0,0
BRDA:48,0,1,0
BRF:2
BRH:0
end_of_record
TN:
SF:src/utils/spanish-joi-messages.js
FNF:0
FNH:0
LF:0
LH:0
BRF:0
BRH:0
end_of_record
